2024-11-11T03:57:39.345Z [Modules] Modules initializing
2024-11-11T03:57:39.345Z [Modules] Distribution: remote
2024-11-11T03:57:39.345Z [Modules] Host updates: enabled
2024-11-11T03:57:39.345Z [Modules] Module updates: enabled
2024-11-11T03:57:39.345Z [Modules] Module install path: /home/kiroshi/.config/discord/0.0.72/modules
2024-11-11T03:57:39.345Z [Modules] Module installed file path: /home/kiroshi/.config/discord/0.0.72/modules/installed.json
2024-11-11T03:57:39.345Z [Modules] Module download path: /home/kiroshi/.config/discord/0.0.72/modules/pending
2024-11-11T03:57:39.594Z [Modules] Bootstrapping...
2024-11-11T03:57:39.595Z [Modules] Installing discord_desktop_core@0 from /opt/discord/resources/bootstrap/discord_desktop_core.zip
2024-11-11T03:57:39.600Z [Modules] Failed installing discord_desktop_core@0: Error: ENOENT: no such file or directory, open '/opt/discord/resources/bootstrap/discord_desktop_core.zip'
2024-11-11T03:57:39.602Z [Modules] Installing discord_erlpack@0 from /opt/discord/resources/bootstrap/discord_erlpack.zip
2024-11-11T03:57:39.605Z [Modules] Failed installing discord_erlpack@0: Error: ENOENT: no such file or directory, open '/opt/discord/resources/bootstrap/discord_erlpack.zip'
2024-11-11T03:57:39.606Z [Modules] Installing discord_spellcheck@0 from /opt/discord/resources/bootstrap/discord_spellcheck.zip
2024-11-11T03:57:39.607Z [Modules] Failed installing discord_spellcheck@0: Error: ENOENT: no such file or directory, open '/opt/discord/resources/bootstrap/discord_spellcheck.zip'
2024-11-11T03:57:39.614Z [Modules] Installing discord_utils@0 from /opt/discord/resources/bootstrap/discord_utils.zip
2024-11-11T03:57:39.617Z [Modules] Failed installing discord_utils@0: Error: ENOENT: no such file or directory, open '/opt/discord/resources/bootstrap/discord_utils.zip'
2024-11-11T03:57:39.618Z [Modules] Installing discord_voice@0 from /opt/discord/resources/bootstrap/discord_voice.zip
2024-11-11T03:57:39.619Z [Modules] Failed installing discord_voice@0: Error: ENOENT: no such file or directory, open '/opt/discord/resources/bootstrap/discord_voice.zip'
2024-11-11T03:57:39.620Z [Modules] Installing discord_zstd@0 from /opt/discord/resources/bootstrap/discord_zstd.zip
2024-11-11T03:57:39.622Z [Modules] Failed installing discord_zstd@0: Error: ENOENT: no such file or directory, open '/opt/discord/resources/bootstrap/discord_zstd.zip'
2024-11-11T03:57:39.622Z [Modules] Finished module installations. [success: 0] [failure: 6]
2024-11-11T03:57:39.622Z [Modules] Checking for host updates.
2024-11-11T03:57:39.886Z [Modules] Host update is available. Manual update required!
2024-11-11T03:58:20.232Z [Modules] Modules initializing
2024-11-11T03:58:20.232Z [Modules] Distribution: remote
2024-11-11T03:58:20.232Z [Modules] Host updates: enabled
2024-11-11T03:58:20.233Z [Modules] Module updates: enabled
2024-11-11T03:58:20.233Z [Modules] Module install path: /home/kiroshi/.config/discord/0.0.72/modules
2024-11-11T03:58:20.233Z [Modules] Module installed file path: /home/kiroshi/.config/discord/0.0.72/modules/installed.json
2024-11-11T03:58:20.233Z [Modules] Module download path: /home/kiroshi/.config/discord/0.0.72/modules/pending
2024-11-11T03:58:20.474Z [Modules] No updates to install
2024-11-11T03:58:20.475Z [Modules] Checking for host updates.
2024-11-11T03:58:20.768Z [Modules] Host update is available. Manual update required!
2024-11-11T04:01:01.919Z [Modules] Modules initializing
2024-11-11T04:01:01.919Z [Modules] Distribution: remote
2024-11-11T04:01:01.920Z [Modules] Host updates: enabled
2024-11-11T04:01:01.920Z [Modules] Module updates: enabled
2024-11-11T04:01:01.920Z [Modules] Module install path: /home/kiroshi/.config/discord/0.0.72/modules
2024-11-11T04:01:01.920Z [Modules] Module installed file path: /home/kiroshi/.config/discord/0.0.72/modules/installed.json
2024-11-11T04:01:01.920Z [Modules] Module download path: /home/kiroshi/.config/discord/0.0.72/modules/pending
2024-11-11T04:01:02.157Z [Modules] No updates to install
2024-11-11T04:01:02.158Z [Modules] Checking for host updates.
2024-11-11T04:01:02.505Z [Modules] Host update is available. Manual update required!
2024-11-11T04:04:42.503Z [Modules] Modules initializing
2024-11-11T04:04:42.503Z [Modules] Distribution: remote
2024-11-11T04:04:42.503Z [Modules] Host updates: enabled
2024-11-11T04:04:42.503Z [Modules] Module updates: enabled
2024-11-11T04:04:42.504Z [Modules] Module install path: /home/kiroshi/.config/discord/0.0.73/modules
2024-11-11T04:04:42.504Z [Modules] Module installed file path: /home/kiroshi/.config/discord/0.0.73/modules/installed.json
2024-11-11T04:04:42.504Z [Modules] Module download path: /home/kiroshi/.config/discord/0.0.73/modules/pending
2024-11-11T04:04:42.743Z [Modules] Bootstrapping...
2024-11-11T04:04:42.744Z [Modules] Installing discord_desktop_core@0 from /opt/Discord/resources/bootstrap/discord_desktop_core.zip
2024-11-11T04:04:42.749Z [Modules] Failed installing discord_desktop_core@0: Error: ENOENT: no such file or directory, open '/opt/Discord/resources/bootstrap/discord_desktop_core.zip'
2024-11-11T04:04:42.750Z [Modules] Installing discord_erlpack@0 from /opt/Discord/resources/bootstrap/discord_erlpack.zip
2024-11-11T04:04:42.751Z [Modules] Failed installing discord_erlpack@0: Error: ENOENT: no such file or directory, open '/opt/Discord/resources/bootstrap/discord_erlpack.zip'
2024-11-11T04:04:42.752Z [Modules] Installing discord_spellcheck@0 from /opt/Discord/resources/bootstrap/discord_spellcheck.zip
2024-11-11T04:04:42.753Z [Modules] Failed installing discord_spellcheck@0: Error: ENOENT: no such file or directory, open '/opt/Discord/resources/bootstrap/discord_spellcheck.zip'
2024-11-11T04:04:42.759Z [Modules] Installing discord_utils@0 from /opt/Discord/resources/bootstrap/discord_utils.zip
2024-11-11T04:04:42.763Z [Modules] Failed installing discord_utils@0: Error: ENOENT: no such file or directory, open '/opt/Discord/resources/bootstrap/discord_utils.zip'
2024-11-11T04:04:42.764Z [Modules] Installing discord_voice@0 from /opt/Discord/resources/bootstrap/discord_voice.zip
2024-11-11T04:04:42.766Z [Modules] Failed installing discord_voice@0: Error: ENOENT: no such file or directory, open '/opt/Discord/resources/bootstrap/discord_voice.zip'
2024-11-11T04:04:42.767Z [Modules] Installing discord_zstd@0 from /opt/Discord/resources/bootstrap/discord_zstd.zip
2024-11-11T04:04:42.768Z [Modules] Failed installing discord_zstd@0: Error: ENOENT: no such file or directory, open '/opt/Discord/resources/bootstrap/discord_zstd.zip'
2024-11-11T04:04:42.768Z [Modules] Finished module installations. [success: 0] [failure: 6]
2024-11-11T04:04:42.768Z [Modules] Checking for host updates.
2024-11-11T04:04:43.525Z [Modules] Host is up to date.
2024-11-11T04:04:43.526Z [Modules] Checking for module updates at https://discord.com/api/modules/stable/versions.json
2024-11-11T04:04:43.576Z [Modules] Module update available: discord_desktop_core@1 [installed: 0]
2024-11-11T04:04:43.576Z [Modules] Module update available: discord_erlpack@1 [installed: 0]
2024-11-11T04:04:43.576Z [Modules] Module update available: discord_spellcheck@1 [installed: 0]
2024-11-11T04:04:43.576Z [Modules] Module update available: discord_utils@1 [installed: 0]
2024-11-11T04:04:43.576Z [Modules] Module update available: discord_voice@1 [installed: 0]
2024-11-11T04:04:43.576Z [Modules] Module update available: discord_zstd@1 [installed: 0]
2024-11-11T04:04:43.577Z [Modules] Fetching discord_desktop_core@1 from https://discord.com/api/modules/stable/discord_desktop_core/1
2024-11-11T04:04:43.577Z [Modules] Streaming discord_desktop_core@1 to /home/kiroshi/.config/discord/0.0.73/modules/pending/discord_desktop_core-1.zip
2024-11-11T04:04:43.875Z [Modules] Streaming discord_desktop_core@1 to /home/kiroshi/.config/discord/0.0.73/modules/pending/discord_desktop_core-1.zip: 1%
2024-11-11T04:04:43.885Z [Modules] Streaming discord_desktop_core@1 to /home/kiroshi/.config/discord/0.0.73/modules/pending/discord_desktop_core-1.zip: 2%
2024-11-11T04:04:43.906Z [Modules] Streaming discord_desktop_core@1 to /home/kiroshi/.config/discord/0.0.73/modules/pending/discord_desktop_core-1.zip: 3%
2024-11-11T04:04:43.912Z [Modules] Streaming discord_desktop_core@1 to /home/kiroshi/.config/discord/0.0.73/modules/pending/discord_desktop_core-1.zip: 4%
2024-11-11T04:04:43.922Z [Modules] Streaming discord_desktop_core@1 to /home/kiroshi/.config/discord/0.0.73/modules/pending/discord_desktop_core-1.zip: 5%
2024-11-11T04:04:43.929Z [Modules] Streaming discord_desktop_core@1 to /home/kiroshi/.config/discord/0.0.73/modules/pending/discord_desktop_core-1.zip: 6%
2024-11-11T04:04:43.935Z [Modules] Streaming discord_desktop_core@1 to /home/kiroshi/.config/discord/0.0.73/modules/pending/discord_desktop_core-1.zip: 7%
2024-11-11T04:04:43.939Z [Modules] Streaming discord_desktop_core@1 to /home/kiroshi/.config/discord/0.0.73/modules/pending/discord_desktop_core-1.zip: 8%
2024-11-11T04:04:43.944Z [Modules] Streaming discord_desktop_core@1 to /home/kiroshi/.config/discord/0.0.73/modules/pending/discord_desktop_core-1.zip: 9%
2024-11-11T04:04:43.949Z [Modules] Streaming discord_desktop_core@1 to /home/kiroshi/.config/discord/0.0.73/modules/pending/discord_desktop_core-1.zip: 10%
2024-11-11T04:04:43.956Z [Modules] Streaming discord_desktop_core@1 to /home/kiroshi/.config/discord/0.0.73/modules/pending/discord_desktop_core-1.zip: 12%
2024-11-11T04:04:43.960Z [Modules] Streaming discord_desktop_core@1 to /home/kiroshi/.config/discord/0.0.73/modules/pending/discord_desktop_core-1.zip: 13%
2024-11-11T04:04:43.963Z [Modules] Streaming discord_desktop_core@1 to /home/kiroshi/.config/discord/0.0.73/modules/pending/discord_desktop_core-1.zip: 14%
2024-11-11T04:04:43.968Z [Modules] Streaming discord_desktop_core@1 to /home/kiroshi/.config/discord/0.0.73/modules/pending/discord_desktop_core-1.zip: 17%
2024-11-11T04:04:43.972Z [Modules] Streaming discord_desktop_core@1 to /home/kiroshi/.config/discord/0.0.73/modules/pending/discord_desktop_core-1.zip: 18%
2024-11-11T04:04:43.975Z [Modules] Streaming discord_desktop_core@1 to /home/kiroshi/.config/discord/0.0.73/modules/pending/discord_desktop_core-1.zip: 20%
2024-11-11T04:04:43.978Z [Modules] Streaming discord_desktop_core@1 to /home/kiroshi/.config/discord/0.0.73/modules/pending/discord_desktop_core-1.zip: 21%
2024-11-11T04:04:43.981Z [Modules] Streaming discord_desktop_core@1 to /home/kiroshi/.config/discord/0.0.73/modules/pending/discord_desktop_core-1.zip: 22%
2024-11-11T04:04:43.985Z [Modules] Streaming discord_desktop_core@1 to /home/kiroshi/.config/discord/0.0.73/modules/pending/discord_desktop_core-1.zip: 25%
2024-11-11T04:04:43.990Z [Modules] Streaming discord_desktop_core@1 to /home/kiroshi/.config/discord/0.0.73/modules/pending/discord_desktop_core-1.zip: 27%
2024-11-11T04:04:43.992Z [Modules] Streaming discord_desktop_core@1 to /home/kiroshi/.config/discord/0.0.73/modules/pending/discord_desktop_core-1.zip: 30%
2024-11-11T04:04:43.993Z [Modules] Streaming discord_desktop_core@1 to /home/kiroshi/.config/discord/0.0.73/modules/pending/discord_desktop_core-1.zip: 31%
2024-11-11T04:04:43.997Z [Modules] Streaming discord_desktop_core@1 to /home/kiroshi/.config/discord/0.0.73/modules/pending/discord_desktop_core-1.zip: 34%
2024-11-11T04:04:44.003Z [Modules] Streaming discord_desktop_core@1 to /home/kiroshi/.config/discord/0.0.73/modules/pending/discord_desktop_core-1.zip: 37%
2024-11-11T04:04:44.005Z [Modules] Streaming discord_desktop_core@1 to /home/kiroshi/.config/discord/0.0.73/modules/pending/discord_desktop_core-1.zip: 39%
2024-11-11T04:04:44.008Z [Modules] Streaming discord_desktop_core@1 to /home/kiroshi/.config/discord/0.0.73/modules/pending/discord_desktop_core-1.zip: 42%
2024-11-11T04:04:44.014Z [Modules] Streaming discord_desktop_core@1 to /home/kiroshi/.config/discord/0.0.73/modules/pending/discord_desktop_core-1.zip: 45%
2024-11-11T04:04:44.016Z [Modules] Streaming discord_desktop_core@1 to /home/kiroshi/.config/discord/0.0.73/modules/pending/discord_desktop_core-1.zip: 47%
2024-11-11T04:04:44.018Z [Modules] Streaming discord_desktop_core@1 to /home/kiroshi/.config/discord/0.0.73/modules/pending/discord_desktop_core-1.zip: 50%
2024-11-11T04:04:44.019Z [Modules] Streaming discord_desktop_core@1 to /home/kiroshi/.config/discord/0.0.73/modules/pending/discord_desktop_core-1.zip: 51%
2024-11-11T04:04:44.022Z [Modules] Streaming discord_desktop_core@1 to /home/kiroshi/.config/discord/0.0.73/modules/pending/discord_desktop_core-1.zip: 54%
2024-11-11T04:04:44.023Z [Modules] Streaming discord_desktop_core@1 to /home/kiroshi/.config/discord/0.0.73/modules/pending/discord_desktop_core-1.zip: 57%
2024-11-11T04:04:44.026Z [Modules] Streaming discord_desktop_core@1 to /home/kiroshi/.config/discord/0.0.73/modules/pending/discord_desktop_core-1.zip: 59%
2024-11-11T04:04:44.028Z [Modules] Streaming discord_desktop_core@1 to /home/kiroshi/.config/discord/0.0.73/modules/pending/discord_desktop_core-1.zip: 63%
2024-11-11T04:04:44.033Z [Modules] Streaming discord_desktop_core@1 to /home/kiroshi/.config/discord/0.0.73/modules/pending/discord_desktop_core-1.zip: 66%
2024-11-11T04:04:44.033Z [Modules] Streaming discord_desktop_core@1 to /home/kiroshi/.config/discord/0.0.73/modules/pending/discord_desktop_core-1.zip: 67%
2024-11-11T04:04:44.035Z [Modules] Streaming discord_desktop_core@1 to /home/kiroshi/.config/discord/0.0.73/modules/pending/discord_desktop_core-1.zip: 72%
2024-11-11T04:04:44.038Z [Modules] Streaming discord_desktop_core@1 to /home/kiroshi/.config/discord/0.0.73/modules/pending/discord_desktop_core-1.zip: 74%
2024-11-11T04:04:44.039Z [Modules] Streaming discord_desktop_core@1 to /home/kiroshi/.config/discord/0.0.73/modules/pending/discord_desktop_core-1.zip: 76%
2024-11-11T04:04:44.045Z [Modules] Streaming discord_desktop_core@1 to /home/kiroshi/.config/discord/0.0.73/modules/pending/discord_desktop_core-1.zip: 79%
2024-11-11T04:04:44.046Z [Modules] Streaming discord_desktop_core@1 to /home/kiroshi/.config/discord/0.0.73/modules/pending/discord_desktop_core-1.zip: 83%
2024-11-11T04:04:44.050Z [Modules] Streaming discord_desktop_core@1 to /home/kiroshi/.config/discord/0.0.73/modules/pending/discord_desktop_core-1.zip: 86%
2024-11-11T04:04:44.052Z [Modules] Streaming discord_desktop_core@1 to /home/kiroshi/.config/discord/0.0.73/modules/pending/discord_desktop_core-1.zip: 90%
2024-11-11T04:04:44.053Z [Modules] Streaming discord_desktop_core@1 to /home/kiroshi/.config/discord/0.0.73/modules/pending/discord_desktop_core-1.zip: 91%
2024-11-11T04:04:44.054Z [Modules] Streaming discord_desktop_core@1 to /home/kiroshi/.config/discord/0.0.73/modules/pending/discord_desktop_core-1.zip: 95%
2024-11-11T04:04:44.055Z [Modules] Streaming discord_desktop_core@1 to /home/kiroshi/.config/discord/0.0.73/modules/pending/discord_desktop_core-1.zip: 98%
2024-11-11T04:04:44.056Z [Modules] Streaming discord_desktop_core@1 to /home/kiroshi/.config/discord/0.0.73/modules/pending/discord_desktop_core-1.zip: 100%
2024-11-11T04:04:44.059Z [Modules] Fetching discord_erlpack@1 from https://discord.com/api/modules/stable/discord_erlpack/1
2024-11-11T04:04:44.059Z [Modules] Streaming discord_erlpack@1 to /home/kiroshi/.config/discord/0.0.73/modules/pending/discord_erlpack-1.zip
2024-11-11T04:04:44.236Z [Modules] Streaming discord_erlpack@1 to /home/kiroshi/.config/discord/0.0.73/modules/pending/discord_erlpack-1.zip: 6%
2024-11-11T04:04:44.239Z [Modules] Streaming discord_erlpack@1 to /home/kiroshi/.config/discord/0.0.73/modules/pending/discord_erlpack-1.zip: 11%
2024-11-11T04:04:44.242Z [Modules] Streaming discord_erlpack@1 to /home/kiroshi/.config/discord/0.0.73/modules/pending/discord_erlpack-1.zip: 14%
2024-11-11T04:04:44.249Z [Modules] Streaming discord_erlpack@1 to /home/kiroshi/.config/discord/0.0.73/modules/pending/discord_erlpack-1.zip: 18%
2024-11-11T04:04:44.254Z [Modules] Streaming discord_erlpack@1 to /home/kiroshi/.config/discord/0.0.73/modules/pending/discord_erlpack-1.zip: 21%
2024-11-11T04:04:44.258Z [Modules] Streaming discord_erlpack@1 to /home/kiroshi/.config/discord/0.0.73/modules/pending/discord_erlpack-1.zip: 23%
2024-11-11T04:04:44.262Z [Modules] Streaming discord_erlpack@1 to /home/kiroshi/.config/discord/0.0.73/modules/pending/discord_erlpack-1.zip: 30%
2024-11-11T04:04:44.271Z [Modules] Streaming discord_erlpack@1 to /home/kiroshi/.config/discord/0.0.73/modules/pending/discord_erlpack-1.zip: 32%
2024-11-11T04:04:44.276Z [Modules] Streaming discord_erlpack@1 to /home/kiroshi/.config/discord/0.0.73/modules/pending/discord_erlpack-1.zip: 35%
2024-11-11T04:04:44.282Z [Modules] Streaming discord_erlpack@1 to /home/kiroshi/.config/discord/0.0.73/modules/pending/discord_erlpack-1.zip: 43%
2024-11-11T04:04:44.285Z [Modules] Streaming discord_erlpack@1 to /home/kiroshi/.config/discord/0.0.73/modules/pending/discord_erlpack-1.zip: 46%
2024-11-11T04:04:44.290Z [Modules] Streaming discord_erlpack@1 to /home/kiroshi/.config/discord/0.0.73/modules/pending/discord_erlpack-1.zip: 49%
2024-11-11T04:04:44.296Z [Modules] Streaming discord_erlpack@1 to /home/kiroshi/.config/discord/0.0.73/modules/pending/discord_erlpack-1.zip: 52%
2024-11-11T04:04:44.301Z [Modules] Streaming discord_erlpack@1 to /home/kiroshi/.config/discord/0.0.73/modules/pending/discord_erlpack-1.zip: 55%
2024-11-11T04:04:44.306Z [Modules] Streaming discord_erlpack@1 to /home/kiroshi/.config/discord/0.0.73/modules/pending/discord_erlpack-1.zip: 58%
2024-11-11T04:04:44.309Z [Modules] Streaming discord_erlpack@1 to /home/kiroshi/.config/discord/0.0.73/modules/pending/discord_erlpack-1.zip: 61%
2024-11-11T04:04:44.314Z [Modules] Streaming discord_erlpack@1 to /home/kiroshi/.config/discord/0.0.73/modules/pending/discord_erlpack-1.zip: 65%
2024-11-11T04:04:44.320Z [Modules] Streaming discord_erlpack@1 to /home/kiroshi/.config/discord/0.0.73/modules/pending/discord_erlpack-1.zip: 69%
2024-11-11T04:04:44.324Z [Modules] Streaming discord_erlpack@1 to /home/kiroshi/.config/discord/0.0.73/modules/pending/discord_erlpack-1.zip: 71%
2024-11-11T04:04:44.326Z [Modules] Streaming discord_erlpack@1 to /home/kiroshi/.config/discord/0.0.73/modules/pending/discord_erlpack-1.zip: 74%
2024-11-11T04:04:44.329Z [Modules] Streaming discord_erlpack@1 to /home/kiroshi/.config/discord/0.0.73/modules/pending/discord_erlpack-1.zip: 77%
2024-11-11T04:04:44.332Z [Modules] Streaming discord_erlpack@1 to /home/kiroshi/.config/discord/0.0.73/modules/pending/discord_erlpack-1.zip: 80%
2024-11-11T04:04:44.336Z [Modules] Streaming discord_erlpack@1 to /home/kiroshi/.config/discord/0.0.73/modules/pending/discord_erlpack-1.zip: 82%
2024-11-11T04:04:44.341Z [Modules] Streaming discord_erlpack@1 to /home/kiroshi/.config/discord/0.0.73/modules/pending/discord_erlpack-1.zip: 88%
2024-11-11T04:04:44.344Z [Modules] Streaming discord_erlpack@1 to /home/kiroshi/.config/discord/0.0.73/modules/pending/discord_erlpack-1.zip: 90%
2024-11-11T04:04:44.348Z [Modules] Streaming discord_erlpack@1 to /home/kiroshi/.config/discord/0.0.73/modules/pending/discord_erlpack-1.zip: 93%
2024-11-11T04:04:44.351Z [Modules] Streaming discord_erlpack@1 to /home/kiroshi/.config/discord/0.0.73/modules/pending/discord_erlpack-1.zip: 94%
2024-11-11T04:04:44.353Z [Modules] Streaming discord_erlpack@1 to /home/kiroshi/.config/discord/0.0.73/modules/pending/discord_erlpack-1.zip: 96%
2024-11-11T04:04:44.354Z [Modules] Streaming discord_erlpack@1 to /home/kiroshi/.config/discord/0.0.73/modules/pending/discord_erlpack-1.zip: 99%
2024-11-11T04:04:44.359Z [Modules] Streaming discord_erlpack@1 to /home/kiroshi/.config/discord/0.0.73/modules/pending/discord_erlpack-1.zip: 100%
2024-11-11T04:04:44.361Z [Modules] Fetching discord_spellcheck@1 from https://discord.com/api/modules/stable/discord_spellcheck/1
2024-11-11T04:04:44.362Z [Modules] Streaming discord_spellcheck@1 to /home/kiroshi/.config/discord/0.0.73/modules/pending/discord_spellcheck-1.zip
2024-11-11T04:04:44.560Z [Modules] Streaming discord_spellcheck@1 to /home/kiroshi/.config/discord/0.0.73/modules/pending/discord_spellcheck-1.zip: 1%
2024-11-11T04:04:44.588Z [Modules] Streaming discord_spellcheck@1 to /home/kiroshi/.config/discord/0.0.73/modules/pending/discord_spellcheck-1.zip: 2%
2024-11-11T04:04:44.612Z [Modules] Streaming discord_spellcheck@1 to /home/kiroshi/.config/discord/0.0.73/modules/pending/discord_spellcheck-1.zip: 3%
2024-11-11T04:04:44.635Z [Modules] Streaming discord_spellcheck@1 to /home/kiroshi/.config/discord/0.0.73/modules/pending/discord_spellcheck-1.zip: 4%
2024-11-11T04:04:44.645Z [Modules] Streaming discord_spellcheck@1 to /home/kiroshi/.config/discord/0.0.73/modules/pending/discord_spellcheck-1.zip: 5%
2024-11-11T04:04:44.656Z [Modules] Streaming discord_spellcheck@1 to /home/kiroshi/.config/discord/0.0.73/modules/pending/discord_spellcheck-1.zip: 6%
2024-11-11T04:04:44.674Z [Modules] Streaming discord_spellcheck@1 to /home/kiroshi/.config/discord/0.0.73/modules/pending/discord_spellcheck-1.zip: 7%
2024-11-11T04:04:44.681Z [Modules] Streaming discord_spellcheck@1 to /home/kiroshi/.config/discord/0.0.73/modules/pending/discord_spellcheck-1.zip: 8%
2024-11-11T04:04:44.689Z [Modules] Streaming discord_spellcheck@1 to /home/kiroshi/.config/discord/0.0.73/modules/pending/discord_spellcheck-1.zip: 9%
2024-11-11T04:04:44.700Z [Modules] Streaming discord_spellcheck@1 to /home/kiroshi/.config/discord/0.0.73/modules/pending/discord_spellcheck-1.zip: 10%
2024-11-11T04:04:44.703Z [Modules] Streaming discord_spellcheck@1 to /home/kiroshi/.config/discord/0.0.73/modules/pending/discord_spellcheck-1.zip: 11%
2024-11-11T04:04:44.708Z [Modules] Streaming discord_spellcheck@1 to /home/kiroshi/.config/discord/0.0.73/modules/pending/discord_spellcheck-1.zip: 12%
2024-11-11T04:04:44.717Z [Modules] Streaming discord_spellcheck@1 to /home/kiroshi/.config/discord/0.0.73/modules/pending/discord_spellcheck-1.zip: 13%
2024-11-11T04:04:44.724Z [Modules] Streaming discord_spellcheck@1 to /home/kiroshi/.config/discord/0.0.73/modules/pending/discord_spellcheck-1.zip: 14%
2024-11-11T04:04:44.728Z [Modules] Streaming discord_spellcheck@1 to /home/kiroshi/.config/discord/0.0.73/modules/pending/discord_spellcheck-1.zip: 15%
2024-11-11T04:04:44.734Z [Modules] Streaming discord_spellcheck@1 to /home/kiroshi/.config/discord/0.0.73/modules/pending/discord_spellcheck-1.zip: 16%
2024-11-11T04:04:44.738Z [Modules] Streaming discord_spellcheck@1 to /home/kiroshi/.config/discord/0.0.73/modules/pending/discord_spellcheck-1.zip: 17%
2024-11-11T04:04:44.742Z [Modules] Streaming discord_spellcheck@1 to /home/kiroshi/.config/discord/0.0.73/modules/pending/discord_spellcheck-1.zip: 18%
2024-11-11T04:04:44.746Z [Modules] Streaming discord_spellcheck@1 to /home/kiroshi/.config/discord/0.0.73/modules/pending/discord_spellcheck-1.zip: 19%
2024-11-11T04:04:44.751Z [Modules] Streaming discord_spellcheck@1 to /home/kiroshi/.config/discord/0.0.73/modules/pending/discord_spellcheck-1.zip: 20%
2024-11-11T04:04:44.754Z [Modules] Streaming discord_spellcheck@1 to /home/kiroshi/.config/discord/0.0.73/modules/pending/discord_spellcheck-1.zip: 21%
2024-11-11T04:04:44.759Z [Modules] Streaming discord_spellcheck@1 to /home/kiroshi/.config/discord/0.0.73/modules/pending/discord_spellcheck-1.zip: 22%
2024-11-11T04:04:44.763Z [Modules] Streaming discord_spellcheck@1 to /home/kiroshi/.config/discord/0.0.73/modules/pending/discord_spellcheck-1.zip: 23%
2024-11-11T04:04:44.766Z [Modules] Streaming discord_spellcheck@1 to /home/kiroshi/.config/discord/0.0.73/modules/pending/discord_spellcheck-1.zip: 24%
2024-11-11T04:04:44.770Z [Modules] Streaming discord_spellcheck@1 to /home/kiroshi/.config/discord/0.0.73/modules/pending/discord_spellcheck-1.zip: 25%
2024-11-11T04:04:44.774Z [Modules] Streaming discord_spellcheck@1 to /home/kiroshi/.config/discord/0.0.73/modules/pending/discord_spellcheck-1.zip: 26%
2024-11-11T04:04:44.781Z [Modules] Streaming discord_spellcheck@1 to /home/kiroshi/.config/discord/0.0.73/modules/pending/discord_spellcheck-1.zip: 27%
2024-11-11T04:04:44.783Z [Modules] Streaming discord_spellcheck@1 to /home/kiroshi/.config/discord/0.0.73/modules/pending/discord_spellcheck-1.zip: 28%
2024-11-11T04:04:44.785Z [Modules] Streaming discord_spellcheck@1 to /home/kiroshi/.config/discord/0.0.73/modules/pending/discord_spellcheck-1.zip: 29%
2024-11-11T04:04:44.789Z [Modules] Streaming discord_spellcheck@1 to /home/kiroshi/.config/discord/0.0.73/modules/pending/discord_spellcheck-1.zip: 30%
2024-11-11T04:04:44.794Z [Modules] Streaming discord_spellcheck@1 to /home/kiroshi/.config/discord/0.0.73/modules/pending/discord_spellcheck-1.zip: 31%
2024-11-11T04:04:44.797Z [Modules] Streaming discord_spellcheck@1 to /home/kiroshi/.config/discord/0.0.73/modules/pending/discord_spellcheck-1.zip: 32%
2024-11-11T04:04:44.803Z [Modules] Streaming discord_spellcheck@1 to /home/kiroshi/.config/discord/0.0.73/modules/pending/discord_spellcheck-1.zip: 33%
2024-11-11T04:04:44.806Z [Modules] Streaming discord_spellcheck@1 to /home/kiroshi/.config/discord/0.0.73/modules/pending/discord_spellcheck-1.zip: 34%
2024-11-11T04:04:44.809Z [Modules] Streaming discord_spellcheck@1 to /home/kiroshi/.config/discord/0.0.73/modules/pending/discord_spellcheck-1.zip: 35%
2024-11-11T04:04:44.813Z [Modules] Streaming discord_spellcheck@1 to /home/kiroshi/.config/discord/0.0.73/modules/pending/discord_spellcheck-1.zip: 36%
2024-11-11T04:04:44.817Z [Modules] Streaming discord_spellcheck@1 to /home/kiroshi/.config/discord/0.0.73/modules/pending/discord_spellcheck-1.zip: 37%
2024-11-11T04:04:44.821Z [Modules] Streaming discord_spellcheck@1 to /home/kiroshi/.config/discord/0.0.73/modules/pending/discord_spellcheck-1.zip: 38%
2024-11-11T04:04:44.824Z [Modules] Streaming discord_spellcheck@1 to /home/kiroshi/.config/discord/0.0.73/modules/pending/discord_spellcheck-1.zip: 39%
2024-11-11T04:04:44.828Z [Modules] Streaming discord_spellcheck@1 to /home/kiroshi/.config/discord/0.0.73/modules/pending/discord_spellcheck-1.zip: 40%
2024-11-11T04:04:44.832Z [Modules] Streaming discord_spellcheck@1 to /home/kiroshi/.config/discord/0.0.73/modules/pending/discord_spellcheck-1.zip: 41%
2024-11-11T04:04:44.836Z [Modules] Streaming discord_spellcheck@1 to /home/kiroshi/.config/discord/0.0.73/modules/pending/discord_spellcheck-1.zip: 42%
2024-11-11T04:04:44.839Z [Modules] Streaming discord_spellcheck@1 to /home/kiroshi/.config/discord/0.0.73/modules/pending/discord_spellcheck-1.zip: 43%
2024-11-11T04:04:44.843Z [Modules] Streaming discord_spellcheck@1 to /home/kiroshi/.config/discord/0.0.73/modules/pending/discord_spellcheck-1.zip: 44%
2024-11-11T04:04:44.847Z [Modules] Streaming discord_spellcheck@1 to /home/kiroshi/.config/discord/0.0.73/modules/pending/discord_spellcheck-1.zip: 45%
2024-11-11T04:04:44.851Z [Modules] Streaming discord_spellcheck@1 to /home/kiroshi/.config/discord/0.0.73/modules/pending/discord_spellcheck-1.zip: 46%
2024-11-11T04:04:44.855Z [Modules] Streaming discord_spellcheck@1 to /home/kiroshi/.config/discord/0.0.73/modules/pending/discord_spellcheck-1.zip: 47%
2024-11-11T04:04:44.859Z [Modules] Streaming discord_spellcheck@1 to /home/kiroshi/.config/discord/0.0.73/modules/pending/discord_spellcheck-1.zip: 48%
2024-11-11T04:04:44.862Z [Modules] Streaming discord_spellcheck@1 to /home/kiroshi/.config/discord/0.0.73/modules/pending/discord_spellcheck-1.zip: 49%
2024-11-11T04:04:44.867Z [Modules] Streaming discord_spellcheck@1 to /home/kiroshi/.config/discord/0.0.73/modules/pending/discord_spellcheck-1.zip: 50%
2024-11-11T04:04:44.871Z [Modules] Streaming discord_spellcheck@1 to /home/kiroshi/.config/discord/0.0.73/modules/pending/discord_spellcheck-1.zip: 51%
2024-11-11T04:04:44.875Z [Modules] Streaming discord_spellcheck@1 to /home/kiroshi/.config/discord/0.0.73/modules/pending/discord_spellcheck-1.zip: 52%
2024-11-11T04:04:44.879Z [Modules] Streaming discord_spellcheck@1 to /home/kiroshi/.config/discord/0.0.73/modules/pending/discord_spellcheck-1.zip: 53%
2024-11-11T04:04:44.883Z [Modules] Streaming discord_spellcheck@1 to /home/kiroshi/.config/discord/0.0.73/modules/pending/discord_spellcheck-1.zip: 54%
2024-11-11T04:04:44.887Z [Modules] Streaming discord_spellcheck@1 to /home/kiroshi/.config/discord/0.0.73/modules/pending/discord_spellcheck-1.zip: 55%
2024-11-11T04:04:44.890Z [Modules] Streaming discord_spellcheck@1 to /home/kiroshi/.config/discord/0.0.73/modules/pending/discord_spellcheck-1.zip: 56%
2024-11-11T04:04:44.895Z [Modules] Streaming discord_spellcheck@1 to /home/kiroshi/.config/discord/0.0.73/modules/pending/discord_spellcheck-1.zip: 57%
2024-11-11T04:04:44.899Z [Modules] Streaming discord_spellcheck@1 to /home/kiroshi/.config/discord/0.0.73/modules/pending/discord_spellcheck-1.zip: 58%
2024-11-11T04:04:44.905Z [Modules] Streaming discord_spellcheck@1 to /home/kiroshi/.config/discord/0.0.73/modules/pending/discord_spellcheck-1.zip: 59%
2024-11-11T04:04:44.919Z [Modules] Streaming discord_spellcheck@1 to /home/kiroshi/.config/discord/0.0.73/modules/pending/discord_spellcheck-1.zip: 60%
2024-11-11T04:04:44.951Z [Modules] Streaming discord_spellcheck@1 to /home/kiroshi/.config/discord/0.0.73/modules/pending/discord_spellcheck-1.zip: 61%
2024-11-11T04:04:44.959Z [Modules] Streaming discord_spellcheck@1 to /home/kiroshi/.config/discord/0.0.73/modules/pending/discord_spellcheck-1.zip: 62%
2024-11-11T04:04:44.966Z [Modules] Streaming discord_spellcheck@1 to /home/kiroshi/.config/discord/0.0.73/modules/pending/discord_spellcheck-1.zip: 63%
2024-11-11T04:04:44.974Z [Modules] Streaming discord_spellcheck@1 to /home/kiroshi/.config/discord/0.0.73/modules/pending/discord_spellcheck-1.zip: 64%
2024-11-11T04:04:44.979Z [Modules] Streaming discord_spellcheck@1 to /home/kiroshi/.config/discord/0.0.73/modules/pending/discord_spellcheck-1.zip: 66%
2024-11-11T04:04:44.985Z [Modules] Streaming discord_spellcheck@1 to /home/kiroshi/.config/discord/0.0.73/modules/pending/discord_spellcheck-1.zip: 67%
2024-11-11T04:04:44.989Z [Modules] Streaming discord_spellcheck@1 to /home/kiroshi/.config/discord/0.0.73/modules/pending/discord_spellcheck-1.zip: 68%
2024-11-11T04:04:44.991Z [Modules] Streaming discord_spellcheck@1 to /home/kiroshi/.config/discord/0.0.73/modules/pending/discord_spellcheck-1.zip: 69%
2024-11-11T04:04:44.993Z [Modules] Streaming discord_spellcheck@1 to /home/kiroshi/.config/discord/0.0.73/modules/pending/discord_spellcheck-1.zip: 70%
2024-11-11T04:04:44.997Z [Modules] Streaming discord_spellcheck@1 to /home/kiroshi/.config/discord/0.0.73/modules/pending/discord_spellcheck-1.zip: 71%
2024-11-11T04:04:45.003Z [Modules] Streaming discord_spellcheck@1 to /home/kiroshi/.config/discord/0.0.73/modules/pending/discord_spellcheck-1.zip: 75%
2024-11-11T04:04:45.005Z [Modules] Streaming discord_spellcheck@1 to /home/kiroshi/.config/discord/0.0.73/modules/pending/discord_spellcheck-1.zip: 77%
2024-11-11T04:04:45.006Z [Modules] Streaming discord_spellcheck@1 to /home/kiroshi/.config/discord/0.0.73/modules/pending/discord_spellcheck-1.zip: 78%
2024-11-11T04:04:45.008Z [Modules] Streaming discord_spellcheck@1 to /home/kiroshi/.config/discord/0.0.73/modules/pending/discord_spellcheck-1.zip: 79%
2024-11-11T04:04:45.010Z [Modules] Streaming discord_spellcheck@1 to /home/kiroshi/.config/discord/0.0.73/modules/pending/discord_spellcheck-1.zip: 80%
2024-11-11T04:04:45.015Z [Modules] Streaming discord_spellcheck@1 to /home/kiroshi/.config/discord/0.0.73/modules/pending/discord_spellcheck-1.zip: 81%
2024-11-11T04:04:45.019Z [Modules] Streaming discord_spellcheck@1 to /home/kiroshi/.config/discord/0.0.73/modules/pending/discord_spellcheck-1.zip: 82%
2024-11-11T04:04:45.022Z [Modules] Streaming discord_spellcheck@1 to /home/kiroshi/.config/discord/0.0.73/modules/pending/discord_spellcheck-1.zip: 83%
2024-11-11T04:04:45.027Z [Modules] Streaming discord_spellcheck@1 to /home/kiroshi/.config/discord/0.0.73/modules/pending/discord_spellcheck-1.zip: 84%
2024-11-11T04:04:45.030Z [Modules] Streaming discord_spellcheck@1 to /home/kiroshi/.config/discord/0.0.73/modules/pending/discord_spellcheck-1.zip: 85%
2024-11-11T04:04:45.034Z [Modules] Streaming discord_spellcheck@1 to /home/kiroshi/.config/discord/0.0.73/modules/pending/discord_spellcheck-1.zip: 86%
2024-11-11T04:04:45.048Z [Modules] Streaming discord_spellcheck@1 to /home/kiroshi/.config/discord/0.0.73/modules/pending/discord_spellcheck-1.zip: 87%
2024-11-11T04:04:45.057Z [Modules] Streaming discord_spellcheck@1 to /home/kiroshi/.config/discord/0.0.73/modules/pending/discord_spellcheck-1.zip: 88%
2024-11-11T04:04:45.068Z [Modules] Streaming discord_spellcheck@1 to /home/kiroshi/.config/discord/0.0.73/modules/pending/discord_spellcheck-1.zip: 89%
2024-11-11T04:04:45.109Z [Modules] Streaming discord_spellcheck@1 to /home/kiroshi/.config/discord/0.0.73/modules/pending/discord_spellcheck-1.zip: 90%
2024-11-11T04:04:45.111Z [Modules] Streaming discord_spellcheck@1 to /home/kiroshi/.config/discord/0.0.73/modules/pending/discord_spellcheck-1.zip: 91%
2024-11-11T04:04:45.114Z [Modules] Streaming discord_spellcheck@1 to /home/kiroshi/.config/discord/0.0.73/modules/pending/discord_spellcheck-1.zip: 92%
2024-11-11T04:04:45.116Z [Modules] Streaming discord_spellcheck@1 to /home/kiroshi/.config/discord/0.0.73/modules/pending/discord_spellcheck-1.zip: 93%
2024-11-11T04:04:45.117Z [Modules] Streaming discord_spellcheck@1 to /home/kiroshi/.config/discord/0.0.73/modules/pending/discord_spellcheck-1.zip: 95%
2024-11-11T04:04:45.119Z [Modules] Streaming discord_spellcheck@1 to /home/kiroshi/.config/discord/0.0.73/modules/pending/discord_spellcheck-1.zip: 97%
2024-11-11T04:04:45.122Z [Modules] Streaming discord_spellcheck@1 to /home/kiroshi/.config/discord/0.0.73/modules/pending/discord_spellcheck-1.zip: 98%
2024-11-11T04:04:45.123Z [Modules] Streaming discord_spellcheck@1 to /home/kiroshi/.config/discord/0.0.73/modules/pending/discord_spellcheck-1.zip: 99%
2024-11-11T04:04:45.124Z [Modules] Streaming discord_spellcheck@1 to /home/kiroshi/.config/discord/0.0.73/modules/pending/discord_spellcheck-1.zip: 100%
2024-11-11T04:04:45.127Z [Modules] Fetching discord_utils@1 from https://discord.com/api/modules/stable/discord_utils/1
2024-11-11T04:04:45.127Z [Modules] Streaming discord_utils@1 to /home/kiroshi/.config/discord/0.0.73/modules/pending/discord_utils-1.zip
2024-11-11T04:04:45.284Z [Modules] Streaming discord_utils@1 to /home/kiroshi/.config/discord/0.0.73/modules/pending/discord_utils-1.zip: 1%
2024-11-11T04:04:45.288Z [Modules] Streaming discord_utils@1 to /home/kiroshi/.config/discord/0.0.73/modules/pending/discord_utils-1.zip: 3%
2024-11-11T04:04:45.293Z [Modules] Streaming discord_utils@1 to /home/kiroshi/.config/discord/0.0.73/modules/pending/discord_utils-1.zip: 6%
2024-11-11T04:04:45.300Z [Modules] Streaming discord_utils@1 to /home/kiroshi/.config/discord/0.0.73/modules/pending/discord_utils-1.zip: 9%
2024-11-11T04:04:45.307Z [Modules] Streaming discord_utils@1 to /home/kiroshi/.config/discord/0.0.73/modules/pending/discord_utils-1.zip: 10%
2024-11-11T04:04:45.309Z [Modules] Streaming discord_utils@1 to /home/kiroshi/.config/discord/0.0.73/modules/pending/discord_utils-1.zip: 11%
2024-11-11T04:04:45.317Z [Modules] Streaming discord_utils@1 to /home/kiroshi/.config/discord/0.0.73/modules/pending/discord_utils-1.zip: 14%
2024-11-11T04:04:45.324Z [Modules] Streaming discord_utils@1 to /home/kiroshi/.config/discord/0.0.73/modules/pending/discord_utils-1.zip: 17%
2024-11-11T04:04:45.331Z [Modules] Streaming discord_utils@1 to /home/kiroshi/.config/discord/0.0.73/modules/pending/discord_utils-1.zip: 18%
2024-11-11T04:04:45.335Z [Modules] Streaming discord_utils@1 to /home/kiroshi/.config/discord/0.0.73/modules/pending/discord_utils-1.zip: 20%
2024-11-11T04:04:45.344Z [Modules] Streaming discord_utils@1 to /home/kiroshi/.config/discord/0.0.73/modules/pending/discord_utils-1.zip: 23%
2024-11-11T04:04:45.356Z [Modules] Streaming discord_utils@1 to /home/kiroshi/.config/discord/0.0.73/modules/pending/discord_utils-1.zip: 26%
2024-11-11T04:04:45.360Z [Modules] Streaming discord_utils@1 to /home/kiroshi/.config/discord/0.0.73/modules/pending/discord_utils-1.zip: 28%
2024-11-11T04:04:45.363Z [Modules] Streaming discord_utils@1 to /home/kiroshi/.config/discord/0.0.73/modules/pending/discord_utils-1.zip: 29%
2024-11-11T04:04:45.367Z [Modules] Streaming discord_utils@1 to /home/kiroshi/.config/discord/0.0.73/modules/pending/discord_utils-1.zip: 33%
2024-11-11T04:04:45.371Z [Modules] Streaming discord_utils@1 to /home/kiroshi/.config/discord/0.0.73/modules/pending/discord_utils-1.zip: 34%
2024-11-11T04:04:45.375Z [Modules] Streaming discord_utils@1 to /home/kiroshi/.config/discord/0.0.73/modules/pending/discord_utils-1.zip: 39%
2024-11-11T04:04:45.381Z [Modules] Streaming discord_utils@1 to /home/kiroshi/.config/discord/0.0.73/modules/pending/discord_utils-1.zip: 41%
2024-11-11T04:04:45.383Z [Modules] Streaming discord_utils@1 to /home/kiroshi/.config/discord/0.0.73/modules/pending/discord_utils-1.zip: 43%
2024-11-11T04:04:45.385Z [Modules] Streaming discord_utils@1 to /home/kiroshi/.config/discord/0.0.73/modules/pending/discord_utils-1.zip: 44%
2024-11-11T04:04:45.387Z [Modules] Streaming discord_utils@1 to /home/kiroshi/.config/discord/0.0.73/modules/pending/discord_utils-1.zip: 45%
2024-11-11T04:04:45.388Z [Modules] Streaming discord_utils@1 to /home/kiroshi/.config/discord/0.0.73/modules/pending/discord_utils-1.zip: 46%
2024-11-11T04:04:45.389Z [Modules] Streaming discord_utils@1 to /home/kiroshi/.config/discord/0.0.73/modules/pending/discord_utils-1.zip: 47%
2024-11-11T04:04:45.394Z [Modules] Streaming discord_utils@1 to /home/kiroshi/.config/discord/0.0.73/modules/pending/discord_utils-1.zip: 48%
2024-11-11T04:04:45.397Z [Modules] Streaming discord_utils@1 to /home/kiroshi/.config/discord/0.0.73/modules/pending/discord_utils-1.zip: 49%
2024-11-11T04:04:45.399Z [Modules] Streaming discord_utils@1 to /home/kiroshi/.config/discord/0.0.73/modules/pending/discord_utils-1.zip: 50%
2024-11-11T04:04:45.401Z [Modules] Streaming discord_utils@1 to /home/kiroshi/.config/discord/0.0.73/modules/pending/discord_utils-1.zip: 51%
2024-11-11T04:04:45.404Z [Modules] Streaming discord_utils@1 to /home/kiroshi/.config/discord/0.0.73/modules/pending/discord_utils-1.zip: 52%
2024-11-11T04:04:45.405Z [Modules] Streaming discord_utils@1 to /home/kiroshi/.config/discord/0.0.73/modules/pending/discord_utils-1.zip: 53%
2024-11-11T04:04:45.409Z [Modules] Streaming discord_utils@1 to /home/kiroshi/.config/discord/0.0.73/modules/pending/discord_utils-1.zip: 54%
2024-11-11T04:04:45.411Z [Modules] Streaming discord_utils@1 to /home/kiroshi/.config/discord/0.0.73/modules/pending/discord_utils-1.zip: 55%
2024-11-11T04:04:45.413Z [Modules] Streaming discord_utils@1 to /home/kiroshi/.config/discord/0.0.73/modules/pending/discord_utils-1.zip: 56%
2024-11-11T04:04:45.417Z [Modules] Streaming discord_utils@1 to /home/kiroshi/.config/discord/0.0.73/modules/pending/discord_utils-1.zip: 57%
2024-11-11T04:04:45.419Z [Modules] Streaming discord_utils@1 to /home/kiroshi/.config/discord/0.0.73/modules/pending/discord_utils-1.zip: 58%
2024-11-11T04:04:45.420Z [Modules] Streaming discord_utils@1 to /home/kiroshi/.config/discord/0.0.73/modules/pending/discord_utils-1.zip: 59%
2024-11-11T04:04:45.424Z [Modules] Streaming discord_utils@1 to /home/kiroshi/.config/discord/0.0.73/modules/pending/discord_utils-1.zip: 60%
2024-11-11T04:04:45.426Z [Modules] Streaming discord_utils@1 to /home/kiroshi/.config/discord/0.0.73/modules/pending/discord_utils-1.zip: 61%
2024-11-11T04:04:45.429Z [Modules] Streaming discord_utils@1 to /home/kiroshi/.config/discord/0.0.73/modules/pending/discord_utils-1.zip: 62%
2024-11-11T04:04:45.430Z [Modules] Streaming discord_utils@1 to /home/kiroshi/.config/discord/0.0.73/modules/pending/discord_utils-1.zip: 63%
2024-11-11T04:04:45.433Z [Modules] Streaming discord_utils@1 to /home/kiroshi/.config/discord/0.0.73/modules/pending/discord_utils-1.zip: 64%
2024-11-11T04:04:45.438Z [Modules] Streaming discord_utils@1 to /home/kiroshi/.config/discord/0.0.73/modules/pending/discord_utils-1.zip: 65%
2024-11-11T04:04:45.439Z [Modules] Streaming discord_utils@1 to /home/kiroshi/.config/discord/0.0.73/modules/pending/discord_utils-1.zip: 66%
2024-11-11T04:04:45.443Z [Modules] Streaming discord_utils@1 to /home/kiroshi/.config/discord/0.0.73/modules/pending/discord_utils-1.zip: 67%
2024-11-11T04:04:45.447Z [Modules] Streaming discord_utils@1 to /home/kiroshi/.config/discord/0.0.73/modules/pending/discord_utils-1.zip: 68%
2024-11-11T04:04:45.448Z [Modules] Streaming discord_utils@1 to /home/kiroshi/.config/discord/0.0.73/modules/pending/discord_utils-1.zip: 69%
2024-11-11T04:04:45.449Z [Modules] Streaming discord_utils@1 to /home/kiroshi/.config/discord/0.0.73/modules/pending/discord_utils-1.zip: 70%
2024-11-11T04:04:45.451Z [Modules] Streaming discord_utils@1 to /home/kiroshi/.config/discord/0.0.73/modules/pending/discord_utils-1.zip: 71%
2024-11-11T04:04:45.455Z [Modules] Streaming discord_utils@1 to /home/kiroshi/.config/discord/0.0.73/modules/pending/discord_utils-1.zip: 72%
2024-11-11T04:04:45.457Z [Modules] Streaming discord_utils@1 to /home/kiroshi/.config/discord/0.0.73/modules/pending/discord_utils-1.zip: 73%
2024-11-11T04:04:45.459Z [Modules] Streaming discord_utils@1 to /home/kiroshi/.config/discord/0.0.73/modules/pending/discord_utils-1.zip: 74%
2024-11-11T04:04:45.461Z [Modules] Streaming discord_utils@1 to /home/kiroshi/.config/discord/0.0.73/modules/pending/discord_utils-1.zip: 75%
2024-11-11T04:04:45.467Z [Modules] Streaming discord_utils@1 to /home/kiroshi/.config/discord/0.0.73/modules/pending/discord_utils-1.zip: 76%
2024-11-11T04:04:45.470Z [Modules] Streaming discord_utils@1 to /home/kiroshi/.config/discord/0.0.73/modules/pending/discord_utils-1.zip: 77%
2024-11-11T04:04:45.474Z [Modules] Streaming discord_utils@1 to /home/kiroshi/.config/discord/0.0.73/modules/pending/discord_utils-1.zip: 78%
2024-11-11T04:04:45.479Z [Modules] Streaming discord_utils@1 to /home/kiroshi/.config/discord/0.0.73/modules/pending/discord_utils-1.zip: 79%
2024-11-11T04:04:45.484Z [Modules] Streaming discord_utils@1 to /home/kiroshi/.config/discord/0.0.73/modules/pending/discord_utils-1.zip: 80%
2024-11-11T04:04:45.490Z [Modules] Streaming discord_utils@1 to /home/kiroshi/.config/discord/0.0.73/modules/pending/discord_utils-1.zip: 81%
2024-11-11T04:04:45.494Z [Modules] Streaming discord_utils@1 to /home/kiroshi/.config/discord/0.0.73/modules/pending/discord_utils-1.zip: 83%
2024-11-11T04:04:45.501Z [Modules] Streaming discord_utils@1 to /home/kiroshi/.config/discord/0.0.73/modules/pending/discord_utils-1.zip: 86%
2024-11-11T04:04:45.509Z [Modules] Streaming discord_utils@1 to /home/kiroshi/.config/discord/0.0.73/modules/pending/discord_utils-1.zip: 87%
2024-11-11T04:04:45.514Z [Modules] Streaming discord_utils@1 to /home/kiroshi/.config/discord/0.0.73/modules/pending/discord_utils-1.zip: 90%
2024-11-11T04:04:45.522Z [Modules] Streaming discord_utils@1 to /home/kiroshi/.config/discord/0.0.73/modules/pending/discord_utils-1.zip: 93%
2024-11-11T04:04:45.527Z [Modules] Streaming discord_utils@1 to /home/kiroshi/.config/discord/0.0.73/modules/pending/discord_utils-1.zip: 96%
2024-11-11T04:04:45.529Z [Modules] Streaming discord_utils@1 to /home/kiroshi/.config/discord/0.0.73/modules/pending/discord_utils-1.zip: 99%
2024-11-11T04:04:45.532Z [Modules] Streaming discord_utils@1 to /home/kiroshi/.config/discord/0.0.73/modules/pending/discord_utils-1.zip: 100%
2024-11-11T04:04:45.535Z [Modules] Fetching discord_voice@1 from https://discord.com/api/modules/stable/discord_voice/1
2024-11-11T04:04:45.535Z [Modules] Streaming discord_voice@1 to /home/kiroshi/.config/discord/0.0.73/modules/pending/discord_voice-1.zip
2024-11-11T04:04:45.707Z [Modules] Streaming discord_voice@1 to /home/kiroshi/.config/discord/0.0.73/modules/pending/discord_voice-1.zip: 1%
2024-11-11T04:04:45.722Z [Modules] Streaming discord_voice@1 to /home/kiroshi/.config/discord/0.0.73/modules/pending/discord_voice-1.zip: 2%
2024-11-11T04:04:45.738Z [Modules] Streaming discord_voice@1 to /home/kiroshi/.config/discord/0.0.73/modules/pending/discord_voice-1.zip: 3%
2024-11-11T04:04:45.760Z [Modules] Streaming discord_voice@1 to /home/kiroshi/.config/discord/0.0.73/modules/pending/discord_voice-1.zip: 4%
2024-11-11T04:04:45.783Z [Modules] Streaming discord_voice@1 to /home/kiroshi/.config/discord/0.0.73/modules/pending/discord_voice-1.zip: 5%
2024-11-11T04:04:45.818Z [Modules] Streaming discord_voice@1 to /home/kiroshi/.config/discord/0.0.73/modules/pending/discord_voice-1.zip: 6%
2024-11-11T04:04:45.823Z [Modules] Streaming discord_voice@1 to /home/kiroshi/.config/discord/0.0.73/modules/pending/discord_voice-1.zip: 7%
2024-11-11T04:04:45.829Z [Modules] Streaming discord_voice@1 to /home/kiroshi/.config/discord/0.0.73/modules/pending/discord_voice-1.zip: 8%
2024-11-11T04:04:45.837Z [Modules] Streaming discord_voice@1 to /home/kiroshi/.config/discord/0.0.73/modules/pending/discord_voice-1.zip: 9%
2024-11-11T04:04:45.838Z [Modules] Streaming discord_voice@1 to /home/kiroshi/.config/discord/0.0.73/modules/pending/discord_voice-1.zip: 10%
2024-11-11T04:04:45.867Z [Modules] Streaming discord_voice@1 to /home/kiroshi/.config/discord/0.0.73/modules/pending/discord_voice-1.zip: 11%
2024-11-11T04:04:45.874Z [Modules] Streaming discord_voice@1 to /home/kiroshi/.config/discord/0.0.73/modules/pending/discord_voice-1.zip: 12%
2024-11-11T04:04:45.884Z [Modules] Streaming discord_voice@1 to /home/kiroshi/.config/discord/0.0.73/modules/pending/discord_voice-1.zip: 13%
2024-11-11T04:04:45.899Z [Modules] Streaming discord_voice@1 to /home/kiroshi/.config/discord/0.0.73/modules/pending/discord_voice-1.zip: 14%
2024-11-11T04:04:45.916Z [Modules] Streaming discord_voice@1 to /home/kiroshi/.config/discord/0.0.73/modules/pending/discord_voice-1.zip: 15%
2024-11-11T04:04:45.931Z [Modules] Streaming discord_voice@1 to /home/kiroshi/.config/discord/0.0.73/modules/pending/discord_voice-1.zip: 16%
2024-11-11T04:04:45.946Z [Modules] Streaming discord_voice@1 to /home/kiroshi/.config/discord/0.0.73/modules/pending/discord_voice-1.zip: 17%
2024-11-11T04:04:45.962Z [Modules] Streaming discord_voice@1 to /home/kiroshi/.config/discord/0.0.73/modules/pending/discord_voice-1.zip: 18%
2024-11-11T04:04:45.977Z [Modules] Streaming discord_voice@1 to /home/kiroshi/.config/discord/0.0.73/modules/pending/discord_voice-1.zip: 19%
2024-11-11T04:04:45.999Z [Modules] Streaming discord_voice@1 to /home/kiroshi/.config/discord/0.0.73/modules/pending/discord_voice-1.zip: 20%
2024-11-11T04:04:46.010Z [Modules] Streaming discord_voice@1 to /home/kiroshi/.config/discord/0.0.73/modules/pending/discord_voice-1.zip: 21%
2024-11-11T04:04:46.025Z [Modules] Streaming discord_voice@1 to /home/kiroshi/.config/discord/0.0.73/modules/pending/discord_voice-1.zip: 22%
2024-11-11T04:04:46.047Z [Modules] Streaming discord_voice@1 to /home/kiroshi/.config/discord/0.0.73/modules/pending/discord_voice-1.zip: 23%
2024-11-11T04:04:46.057Z [Modules] Streaming discord_voice@1 to /home/kiroshi/.config/discord/0.0.73/modules/pending/discord_voice-1.zip: 24%
2024-11-11T04:04:46.070Z [Modules] Streaming discord_voice@1 to /home/kiroshi/.config/discord/0.0.73/modules/pending/discord_voice-1.zip: 25%
2024-11-11T04:04:46.084Z [Modules] Streaming discord_voice@1 to /home/kiroshi/.config/discord/0.0.73/modules/pending/discord_voice-1.zip: 26%
2024-11-11T04:04:46.100Z [Modules] Streaming discord_voice@1 to /home/kiroshi/.config/discord/0.0.73/modules/pending/discord_voice-1.zip: 27%
2024-11-11T04:04:46.115Z [Modules] Streaming discord_voice@1 to /home/kiroshi/.config/discord/0.0.73/modules/pending/discord_voice-1.zip: 28%
2024-11-11T04:04:46.131Z [Modules] Streaming discord_voice@1 to /home/kiroshi/.config/discord/0.0.73/modules/pending/discord_voice-1.zip: 29%
2024-11-11T04:04:46.146Z [Modules] Streaming discord_voice@1 to /home/kiroshi/.config/discord/0.0.73/modules/pending/discord_voice-1.zip: 30%
2024-11-11T04:04:46.165Z [Modules] Streaming discord_voice@1 to /home/kiroshi/.config/discord/0.0.73/modules/pending/discord_voice-1.zip: 31%
2024-11-11T04:04:46.178Z [Modules] Streaming discord_voice@1 to /home/kiroshi/.config/discord/0.0.73/modules/pending/discord_voice-1.zip: 32%
2024-11-11T04:04:46.192Z [Modules] Streaming discord_voice@1 to /home/kiroshi/.config/discord/0.0.73/modules/pending/discord_voice-1.zip: 33%
2024-11-11T04:04:46.211Z [Modules] Streaming discord_voice@1 to /home/kiroshi/.config/discord/0.0.73/modules/pending/discord_voice-1.zip: 34%
2024-11-11T04:04:46.225Z [Modules] Streaming discord_voice@1 to /home/kiroshi/.config/discord/0.0.73/modules/pending/discord_voice-1.zip: 35%
2024-11-11T04:04:46.239Z [Modules] Streaming discord_voice@1 to /home/kiroshi/.config/discord/0.0.73/modules/pending/discord_voice-1.zip: 36%
2024-11-11T04:04:46.254Z [Modules] Streaming discord_voice@1 to /home/kiroshi/.config/discord/0.0.73/modules/pending/discord_voice-1.zip: 37%
2024-11-11T04:04:46.275Z [Modules] Streaming discord_voice@1 to /home/kiroshi/.config/discord/0.0.73/modules/pending/discord_voice-1.zip: 38%
2024-11-11T04:04:46.291Z [Modules] Streaming discord_voice@1 to /home/kiroshi/.config/discord/0.0.73/modules/pending/discord_voice-1.zip: 39%
2024-11-11T04:04:46.309Z [Modules] Streaming discord_voice@1 to /home/kiroshi/.config/discord/0.0.73/modules/pending/discord_voice-1.zip: 40%
2024-11-11T04:04:46.338Z [Modules] Streaming discord_voice@1 to /home/kiroshi/.config/discord/0.0.73/modules/pending/discord_voice-1.zip: 41%
2024-11-11T04:04:46.349Z [Modules] Streaming discord_voice@1 to /home/kiroshi/.config/discord/0.0.73/modules/pending/discord_voice-1.zip: 42%
2024-11-11T04:04:46.358Z [Modules] Streaming discord_voice@1 to /home/kiroshi/.config/discord/0.0.73/modules/pending/discord_voice-1.zip: 43%
2024-11-11T04:04:46.366Z [Modules] Streaming discord_voice@1 to /home/kiroshi/.config/discord/0.0.73/modules/pending/discord_voice-1.zip: 44%
2024-11-11T04:04:46.379Z [Modules] Streaming discord_voice@1 to /home/kiroshi/.config/discord/0.0.73/modules/pending/discord_voice-1.zip: 45%
2024-11-11T04:04:46.395Z [Modules] Streaming discord_voice@1 to /home/kiroshi/.config/discord/0.0.73/modules/pending/discord_voice-1.zip: 46%
2024-11-11T04:04:46.410Z [Modules] Streaming discord_voice@1 to /home/kiroshi/.config/discord/0.0.73/modules/pending/discord_voice-1.zip: 47%
2024-11-11T04:04:46.432Z [Modules] Streaming discord_voice@1 to /home/kiroshi/.config/discord/0.0.73/modules/pending/discord_voice-1.zip: 48%
2024-11-11T04:04:46.449Z [Modules] Streaming discord_voice@1 to /home/kiroshi/.config/discord/0.0.73/modules/pending/discord_voice-1.zip: 49%
2024-11-11T04:04:46.464Z [Modules] Streaming discord_voice@1 to /home/kiroshi/.config/discord/0.0.73/modules/pending/discord_voice-1.zip: 50%
2024-11-11T04:04:46.477Z [Modules] Streaming discord_voice@1 to /home/kiroshi/.config/discord/0.0.73/modules/pending/discord_voice-1.zip: 51%
2024-11-11T04:04:46.488Z [Modules] Streaming discord_voice@1 to /home/kiroshi/.config/discord/0.0.73/modules/pending/discord_voice-1.zip: 52%
2024-11-11T04:04:46.501Z [Modules] Streaming discord_voice@1 to /home/kiroshi/.config/discord/0.0.73/modules/pending/discord_voice-1.zip: 53%
2024-11-11T04:04:46.517Z [Modules] Streaming discord_voice@1 to /home/kiroshi/.config/discord/0.0.73/modules/pending/discord_voice-1.zip: 54%
2024-11-11T04:04:46.533Z [Modules] Streaming discord_voice@1 to /home/kiroshi/.config/discord/0.0.73/modules/pending/discord_voice-1.zip: 55%
2024-11-11T04:04:46.548Z [Modules] Streaming discord_voice@1 to /home/kiroshi/.config/discord/0.0.73/modules/pending/discord_voice-1.zip: 56%
2024-11-11T04:04:46.566Z [Modules] Streaming discord_voice@1 to /home/kiroshi/.config/discord/0.0.73/modules/pending/discord_voice-1.zip: 57%
2024-11-11T04:04:46.588Z [Modules] Streaming discord_voice@1 to /home/kiroshi/.config/discord/0.0.73/modules/pending/discord_voice-1.zip: 58%
2024-11-11T04:04:46.604Z [Modules] Streaming discord_voice@1 to /home/kiroshi/.config/discord/0.0.73/modules/pending/discord_voice-1.zip: 59%
2024-11-11T04:04:46.624Z [Modules] Streaming discord_voice@1 to /home/kiroshi/.config/discord/0.0.73/modules/pending/discord_voice-1.zip: 60%
2024-11-11T04:04:46.635Z [Modules] Streaming discord_voice@1 to /home/kiroshi/.config/discord/0.0.73/modules/pending/discord_voice-1.zip: 61%
2024-11-11T04:04:46.642Z [Modules] Streaming discord_voice@1 to /home/kiroshi/.config/discord/0.0.73/modules/pending/discord_voice-1.zip: 62%
2024-11-11T04:04:46.658Z [Modules] Streaming discord_voice@1 to /home/kiroshi/.config/discord/0.0.73/modules/pending/discord_voice-1.zip: 63%
2024-11-11T04:04:46.678Z [Modules] Streaming discord_voice@1 to /home/kiroshi/.config/discord/0.0.73/modules/pending/discord_voice-1.zip: 64%
2024-11-11T04:04:46.688Z [Modules] Streaming discord_voice@1 to /home/kiroshi/.config/discord/0.0.73/modules/pending/discord_voice-1.zip: 65%
2024-11-11T04:04:46.702Z [Modules] Streaming discord_voice@1 to /home/kiroshi/.config/discord/0.0.73/modules/pending/discord_voice-1.zip: 66%
2024-11-11T04:04:46.718Z [Modules] Streaming discord_voice@1 to /home/kiroshi/.config/discord/0.0.73/modules/pending/discord_voice-1.zip: 67%
2024-11-11T04:04:46.734Z [Modules] Streaming discord_voice@1 to /home/kiroshi/.config/discord/0.0.73/modules/pending/discord_voice-1.zip: 68%
2024-11-11T04:04:46.749Z [Modules] Streaming discord_voice@1 to /home/kiroshi/.config/discord/0.0.73/modules/pending/discord_voice-1.zip: 69%
2024-11-11T04:04:46.765Z [Modules] Streaming discord_voice@1 to /home/kiroshi/.config/discord/0.0.73/modules/pending/discord_voice-1.zip: 70%
2024-11-11T04:04:46.782Z [Modules] Streaming discord_voice@1 to /home/kiroshi/.config/discord/0.0.73/modules/pending/discord_voice-1.zip: 71%
2024-11-11T04:04:46.798Z [Modules] Streaming discord_voice@1 to /home/kiroshi/.config/discord/0.0.73/modules/pending/discord_voice-1.zip: 72%
2024-11-11T04:04:46.813Z [Modules] Streaming discord_voice@1 to /home/kiroshi/.config/discord/0.0.73/modules/pending/discord_voice-1.zip: 73%
2024-11-11T04:04:46.827Z [Modules] Streaming discord_voice@1 to /home/kiroshi/.config/discord/0.0.73/modules/pending/discord_voice-1.zip: 74%
2024-11-11T04:04:46.841Z [Modules] Streaming discord_voice@1 to /home/kiroshi/.config/discord/0.0.73/modules/pending/discord_voice-1.zip: 75%
2024-11-11T04:04:46.856Z [Modules] Streaming discord_voice@1 to /home/kiroshi/.config/discord/0.0.73/modules/pending/discord_voice-1.zip: 76%
2024-11-11T04:04:46.876Z [Modules] Streaming discord_voice@1 to /home/kiroshi/.config/discord/0.0.73/modules/pending/discord_voice-1.zip: 77%
2024-11-11T04:04:46.891Z [Modules] Streaming discord_voice@1 to /home/kiroshi/.config/discord/0.0.73/modules/pending/discord_voice-1.zip: 78%
2024-11-11T04:04:46.904Z [Modules] Streaming discord_voice@1 to /home/kiroshi/.config/discord/0.0.73/modules/pending/discord_voice-1.zip: 79%
2024-11-11T04:04:46.920Z [Modules] Streaming discord_voice@1 to /home/kiroshi/.config/discord/0.0.73/modules/pending/discord_voice-1.zip: 80%
2024-11-11T04:04:46.935Z [Modules] Streaming discord_voice@1 to /home/kiroshi/.config/discord/0.0.73/modules/pending/discord_voice-1.zip: 81%
2024-11-11T04:04:46.951Z [Modules] Streaming discord_voice@1 to /home/kiroshi/.config/discord/0.0.73/modules/pending/discord_voice-1.zip: 82%
2024-11-11T04:04:46.966Z [Modules] Streaming discord_voice@1 to /home/kiroshi/.config/discord/0.0.73/modules/pending/discord_voice-1.zip: 83%
2024-11-11T04:04:46.981Z [Modules] Streaming discord_voice@1 to /home/kiroshi/.config/discord/0.0.73/modules/pending/discord_voice-1.zip: 84%
2024-11-11T04:04:46.996Z [Modules] Streaming discord_voice@1 to /home/kiroshi/.config/discord/0.0.73/modules/pending/discord_voice-1.zip: 85%
2024-11-11T04:04:47.012Z [Modules] Streaming discord_voice@1 to /home/kiroshi/.config/discord/0.0.73/modules/pending/discord_voice-1.zip: 86%
2024-11-11T04:04:47.029Z [Modules] Streaming discord_voice@1 to /home/kiroshi/.config/discord/0.0.73/modules/pending/discord_voice-1.zip: 87%
2024-11-11T04:04:47.042Z [Modules] Streaming discord_voice@1 to /home/kiroshi/.config/discord/0.0.73/modules/pending/discord_voice-1.zip: 88%
2024-11-11T04:04:47.061Z [Modules] Streaming discord_voice@1 to /home/kiroshi/.config/discord/0.0.73/modules/pending/discord_voice-1.zip: 89%
2024-11-11T04:04:47.076Z [Modules] Streaming discord_voice@1 to /home/kiroshi/.config/discord/0.0.73/modules/pending/discord_voice-1.zip: 90%
2024-11-11T04:04:47.091Z [Modules] Streaming discord_voice@1 to /home/kiroshi/.config/discord/0.0.73/modules/pending/discord_voice-1.zip: 91%
2024-11-11T04:04:47.114Z [Modules] Streaming discord_voice@1 to /home/kiroshi/.config/discord/0.0.73/modules/pending/discord_voice-1.zip: 92%
2024-11-11T04:04:47.126Z [Modules] Streaming discord_voice@1 to /home/kiroshi/.config/discord/0.0.73/modules/pending/discord_voice-1.zip: 93%
2024-11-11T04:04:47.143Z [Modules] Streaming discord_voice@1 to /home/kiroshi/.config/discord/0.0.73/modules/pending/discord_voice-1.zip: 94%
2024-11-11T04:04:47.159Z [Modules] Streaming discord_voice@1 to /home/kiroshi/.config/discord/0.0.73/modules/pending/discord_voice-1.zip: 95%
2024-11-11T04:04:47.170Z [Modules] Streaming discord_voice@1 to /home/kiroshi/.config/discord/0.0.73/modules/pending/discord_voice-1.zip: 96%
2024-11-11T04:04:47.183Z [Modules] Streaming discord_voice@1 to /home/kiroshi/.config/discord/0.0.73/modules/pending/discord_voice-1.zip: 97%
2024-11-11T04:04:47.198Z [Modules] Streaming discord_voice@1 to /home/kiroshi/.config/discord/0.0.73/modules/pending/discord_voice-1.zip: 98%
2024-11-11T04:04:47.213Z [Modules] Streaming discord_voice@1 to /home/kiroshi/.config/discord/0.0.73/modules/pending/discord_voice-1.zip: 99%
2024-11-11T04:04:47.228Z [Modules] Streaming discord_voice@1 to /home/kiroshi/.config/discord/0.0.73/modules/pending/discord_voice-1.zip: 100%
2024-11-11T04:04:47.230Z [Modules] Fetching discord_zstd@1 from https://discord.com/api/modules/stable/discord_zstd/1
2024-11-11T04:04:47.230Z [Modules] Streaming discord_zstd@1 to /home/kiroshi/.config/discord/0.0.73/modules/pending/discord_zstd-1.zip
2024-11-11T04:04:47.374Z [Modules] Streaming discord_zstd@1 to /home/kiroshi/.config/discord/0.0.73/modules/pending/discord_zstd-1.zip: 4%
2024-11-11T04:04:47.380Z [Modules] Streaming discord_zstd@1 to /home/kiroshi/.config/discord/0.0.73/modules/pending/discord_zstd-1.zip: 14%
2024-11-11T04:04:47.384Z [Modules] Streaming discord_zstd@1 to /home/kiroshi/.config/discord/0.0.73/modules/pending/discord_zstd-1.zip: 30%
2024-11-11T04:04:47.388Z [Modules] Streaming discord_zstd@1 to /home/kiroshi/.config/discord/0.0.73/modules/pending/discord_zstd-1.zip: 40%
2024-11-11T04:04:47.390Z [Modules] Streaming discord_zstd@1 to /home/kiroshi/.config/discord/0.0.73/modules/pending/discord_zstd-1.zip: 56%
2024-11-11T04:04:47.396Z [Modules] Streaming discord_zstd@1 to /home/kiroshi/.config/discord/0.0.73/modules/pending/discord_zstd-1.zip: 81%
2024-11-11T04:04:47.449Z [Modules] Streaming discord_zstd@1 to /home/kiroshi/.config/discord/0.0.73/modules/pending/discord_zstd-1.zip: 82%
2024-11-11T04:04:47.480Z [Modules] Streaming discord_zstd@1 to /home/kiroshi/.config/discord/0.0.73/modules/pending/discord_zstd-1.zip: 83%
2024-11-11T04:04:47.507Z [Modules] Streaming discord_zstd@1 to /home/kiroshi/.config/discord/0.0.73/modules/pending/discord_zstd-1.zip: 91%
2024-11-11T04:04:47.513Z [Modules] Streaming discord_zstd@1 to /home/kiroshi/.config/discord/0.0.73/modules/pending/discord_zstd-1.zip: 100%
2024-11-11T04:04:47.517Z [Modules] Finished module downloads. [success: 6] [failure: 0]
2024-11-11T04:04:47.518Z [Modules] Installing updates...
2024-11-11T04:04:47.519Z [Modules] Installing discord_desktop_core@1 from /home/kiroshi/.config/discord/0.0.73/modules/pending/discord_desktop_core-1.zip
2024-11-11T04:04:47.695Z [Modules] Installing discord_erlpack@1 from /home/kiroshi/.config/discord/0.0.73/modules/pending/discord_erlpack-1.zip
2024-11-11T04:04:47.767Z [Modules] Installing discord_spellcheck@1 from /home/kiroshi/.config/discord/0.0.73/modules/pending/discord_spellcheck-1.zip
2024-11-11T04:04:48.744Z [Modules] Installing discord_utils@1 from /home/kiroshi/.config/discord/0.0.73/modules/pending/discord_utils-1.zip
2024-11-11T04:04:48.961Z [Modules] Installing discord_voice@1 from /home/kiroshi/.config/discord/0.0.73/modules/pending/discord_voice-1.zip
2024-11-11T04:04:49.681Z [Modules] Installing discord_zstd@1 from /home/kiroshi/.config/discord/0.0.73/modules/pending/discord_zstd-1.zip
2024-11-11T04:04:49.696Z [Modules] Finished module installations. [success: 6] [failure: 0]
2024-11-11T04:04:49.696Z [Modules] Checking for host updates.
2024-11-11T04:04:49.822Z [Modules] Host is up to date.
2024-11-11T04:04:49.823Z [Modules] Checking for module updates at https://discord.com/api/modules/stable/versions.json
2024-11-11T04:04:49.833Z [Modules] No module updates available.
2024-11-11T04:04:51.562Z [Modules] Starting to install discord_krisp...
2024-11-11T04:04:51.563Z [Modules] Fetching discord_krisp@1 from https://discord.com/api/modules/stable/discord_krisp/1
2024-11-11T04:04:51.563Z [Modules] Streaming discord_krisp@1 to /home/kiroshi/.config/discord/0.0.73/modules/pending/discord_krisp-1.zip
2024-11-11T04:04:51.580Z [Modules] Starting to install discord_game_utils...
2024-11-11T04:04:51.814Z [Modules] Streaming discord_krisp@1 to /home/kiroshi/.config/discord/0.0.73/modules/pending/discord_krisp-1.zip: 1%
2024-11-11T04:04:51.910Z [Modules] Streaming discord_krisp@1 to /home/kiroshi/.config/discord/0.0.73/modules/pending/discord_krisp-1.zip: 2%
2024-11-11T04:04:51.998Z [Modules] Streaming discord_krisp@1 to /home/kiroshi/.config/discord/0.0.73/modules/pending/discord_krisp-1.zip: 3%
2024-11-11T04:04:52.073Z [Modules] Streaming discord_krisp@1 to /home/kiroshi/.config/discord/0.0.73/modules/pending/discord_krisp-1.zip: 4%
2024-11-11T04:04:52.172Z [Modules] Streaming discord_krisp@1 to /home/kiroshi/.config/discord/0.0.73/modules/pending/discord_krisp-1.zip: 5%
2024-11-11T04:04:52.208Z [Modules] Streaming discord_krisp@1 to /home/kiroshi/.config/discord/0.0.73/modules/pending/discord_krisp-1.zip: 6%
2024-11-11T04:04:52.270Z [Modules] Streaming discord_krisp@1 to /home/kiroshi/.config/discord/0.0.73/modules/pending/discord_krisp-1.zip: 7%
2024-11-11T04:04:52.322Z [Modules] Streaming discord_krisp@1 to /home/kiroshi/.config/discord/0.0.73/modules/pending/discord_krisp-1.zip: 8%
2024-11-11T04:04:52.386Z [Modules] Streaming discord_krisp@1 to /home/kiroshi/.config/discord/0.0.73/modules/pending/discord_krisp-1.zip: 9%
2024-11-11T04:04:52.445Z [Modules] Streaming discord_krisp@1 to /home/kiroshi/.config/discord/0.0.73/modules/pending/discord_krisp-1.zip: 10%
2024-11-11T04:04:52.449Z [Modules] Streaming discord_krisp@1 to /home/kiroshi/.config/discord/0.0.73/modules/pending/discord_krisp-1.zip: 11%
2024-11-11T04:04:52.494Z [Modules] Streaming discord_krisp@1 to /home/kiroshi/.config/discord/0.0.73/modules/pending/discord_krisp-1.zip: 12%
2024-11-11T04:04:52.568Z [Modules] Streaming discord_krisp@1 to /home/kiroshi/.config/discord/0.0.73/modules/pending/discord_krisp-1.zip: 13%
2024-11-11T04:04:52.570Z [Modules] Streaming discord_krisp@1 to /home/kiroshi/.config/discord/0.0.73/modules/pending/discord_krisp-1.zip: 14%
2024-11-11T04:04:52.597Z [Modules] Streaming discord_krisp@1 to /home/kiroshi/.config/discord/0.0.73/modules/pending/discord_krisp-1.zip: 15%
2024-11-11T04:04:52.630Z [Modules] Streaming discord_krisp@1 to /home/kiroshi/.config/discord/0.0.73/modules/pending/discord_krisp-1.zip: 16%
2024-11-11T04:04:52.662Z [Modules] Streaming discord_krisp@1 to /home/kiroshi/.config/discord/0.0.73/modules/pending/discord_krisp-1.zip: 17%
2024-11-11T04:04:52.690Z [Modules] Streaming discord_krisp@1 to /home/kiroshi/.config/discord/0.0.73/modules/pending/discord_krisp-1.zip: 18%
2024-11-11T04:04:52.713Z [Modules] Streaming discord_krisp@1 to /home/kiroshi/.config/discord/0.0.73/modules/pending/discord_krisp-1.zip: 19%
2024-11-11T04:04:52.742Z [Modules] Streaming discord_krisp@1 to /home/kiroshi/.config/discord/0.0.73/modules/pending/discord_krisp-1.zip: 20%
2024-11-11T04:04:52.766Z [Modules] Streaming discord_krisp@1 to /home/kiroshi/.config/discord/0.0.73/modules/pending/discord_krisp-1.zip: 21%
2024-11-11T04:04:52.788Z [Modules] Streaming discord_krisp@1 to /home/kiroshi/.config/discord/0.0.73/modules/pending/discord_krisp-1.zip: 22%
2024-11-11T04:04:52.810Z [Modules] Streaming discord_krisp@1 to /home/kiroshi/.config/discord/0.0.73/modules/pending/discord_krisp-1.zip: 23%
2024-11-11T04:04:52.833Z [Modules] Streaming discord_krisp@1 to /home/kiroshi/.config/discord/0.0.73/modules/pending/discord_krisp-1.zip: 24%
2024-11-11T04:04:52.838Z [Modules] Checking for host updates.
2024-11-11T04:04:52.852Z [Modules] Streaming discord_krisp@1 to /home/kiroshi/.config/discord/0.0.73/modules/pending/discord_krisp-1.zip: 25%
2024-11-11T04:04:52.871Z [Modules] Streaming discord_krisp@1 to /home/kiroshi/.config/discord/0.0.73/modules/pending/discord_krisp-1.zip: 26%
2024-11-11T04:04:52.886Z [Modules] Streaming discord_krisp@1 to /home/kiroshi/.config/discord/0.0.73/modules/pending/discord_krisp-1.zip: 27%
2024-11-11T04:04:52.907Z [Modules] Streaming discord_krisp@1 to /home/kiroshi/.config/discord/0.0.73/modules/pending/discord_krisp-1.zip: 28%
2024-11-11T04:04:52.950Z [Modules] Streaming discord_krisp@1 to /home/kiroshi/.config/discord/0.0.73/modules/pending/discord_krisp-1.zip: 29%
2024-11-11T04:04:52.982Z [Modules] Streaming discord_krisp@1 to /home/kiroshi/.config/discord/0.0.73/modules/pending/discord_krisp-1.zip: 30%
2024-11-11T04:04:52.993Z [Modules] Starting to install discord_rpc...
2024-11-11T04:04:53.000Z [Modules] Streaming discord_krisp@1 to /home/kiroshi/.config/discord/0.0.73/modules/pending/discord_krisp-1.zip: 31%
2024-11-11T04:04:53.013Z [Modules] Host is up to date.
2024-11-11T04:04:53.013Z [Modules] Checking for module updates at https://discord.com/api/modules/stable/versions.json
2024-11-11T04:04:53.018Z [Modules] No module updates available.
2024-11-11T04:04:53.019Z [Modules] Streaming discord_krisp@1 to /home/kiroshi/.config/discord/0.0.73/modules/pending/discord_krisp-1.zip: 32%
2024-11-11T04:04:53.037Z [Modules] Streaming discord_krisp@1 to /home/kiroshi/.config/discord/0.0.73/modules/pending/discord_krisp-1.zip: 33%
2024-11-11T04:04:53.055Z [Modules] Streaming discord_krisp@1 to /home/kiroshi/.config/discord/0.0.73/modules/pending/discord_krisp-1.zip: 34%
2024-11-11T04:04:53.070Z [Modules] Streaming discord_krisp@1 to /home/kiroshi/.config/discord/0.0.73/modules/pending/discord_krisp-1.zip: 35%
2024-11-11T04:04:53.086Z [Modules] Streaming discord_krisp@1 to /home/kiroshi/.config/discord/0.0.73/modules/pending/discord_krisp-1.zip: 36%
2024-11-11T04:04:53.100Z [Modules] Streaming discord_krisp@1 to /home/kiroshi/.config/discord/0.0.73/modules/pending/discord_krisp-1.zip: 37%
2024-11-11T04:04:53.117Z [Modules] Streaming discord_krisp@1 to /home/kiroshi/.config/discord/0.0.73/modules/pending/discord_krisp-1.zip: 38%
2024-11-11T04:04:53.130Z [Modules] Streaming discord_krisp@1 to /home/kiroshi/.config/discord/0.0.73/modules/pending/discord_krisp-1.zip: 39%
2024-11-11T04:04:53.172Z [Modules] Streaming discord_krisp@1 to /home/kiroshi/.config/discord/0.0.73/modules/pending/discord_krisp-1.zip: 41%
2024-11-11T04:04:53.193Z [Modules] Streaming discord_krisp@1 to /home/kiroshi/.config/discord/0.0.73/modules/pending/discord_krisp-1.zip: 43%
2024-11-11T04:04:53.200Z [Modules] Streaming discord_krisp@1 to /home/kiroshi/.config/discord/0.0.73/modules/pending/discord_krisp-1.zip: 44%
2024-11-11T04:04:53.227Z [Modules] Streaming discord_krisp@1 to /home/kiroshi/.config/discord/0.0.73/modules/pending/discord_krisp-1.zip: 45%
2024-11-11T04:04:53.269Z [Modules] Streaming discord_krisp@1 to /home/kiroshi/.config/discord/0.0.73/modules/pending/discord_krisp-1.zip: 46%
2024-11-11T04:04:53.299Z [Modules] Streaming discord_krisp@1 to /home/kiroshi/.config/discord/0.0.73/modules/pending/discord_krisp-1.zip: 47%
2024-11-11T04:04:53.304Z [Modules] Streaming discord_krisp@1 to /home/kiroshi/.config/discord/0.0.73/modules/pending/discord_krisp-1.zip: 50%
2024-11-11T04:04:53.311Z [Modules] Streaming discord_krisp@1 to /home/kiroshi/.config/discord/0.0.73/modules/pending/discord_krisp-1.zip: 51%
2024-11-11T04:04:53.322Z [Modules] Streaming discord_krisp@1 to /home/kiroshi/.config/discord/0.0.73/modules/pending/discord_krisp-1.zip: 52%
2024-11-11T04:04:53.330Z [Modules] Streaming discord_krisp@1 to /home/kiroshi/.config/discord/0.0.73/modules/pending/discord_krisp-1.zip: 53%
2024-11-11T04:04:53.342Z [Modules] Streaming discord_krisp@1 to /home/kiroshi/.config/discord/0.0.73/modules/pending/discord_krisp-1.zip: 54%
2024-11-11T04:04:53.355Z [Modules] Streaming discord_krisp@1 to /home/kiroshi/.config/discord/0.0.73/modules/pending/discord_krisp-1.zip: 55%
2024-11-11T04:04:53.364Z [Modules] Streaming discord_krisp@1 to /home/kiroshi/.config/discord/0.0.73/modules/pending/discord_krisp-1.zip: 56%
2024-11-11T04:04:53.376Z [Modules] Streaming discord_krisp@1 to /home/kiroshi/.config/discord/0.0.73/modules/pending/discord_krisp-1.zip: 57%
2024-11-11T04:04:53.389Z [Modules] Streaming discord_krisp@1 to /home/kiroshi/.config/discord/0.0.73/modules/pending/discord_krisp-1.zip: 58%
2024-11-11T04:04:53.403Z [Modules] Streaming discord_krisp@1 to /home/kiroshi/.config/discord/0.0.73/modules/pending/discord_krisp-1.zip: 59%
2024-11-11T04:04:53.408Z [Modules] Streaming discord_krisp@1 to /home/kiroshi/.config/discord/0.0.73/modules/pending/discord_krisp-1.zip: 60%
2024-11-11T04:04:53.420Z [Modules] Streaming discord_krisp@1 to /home/kiroshi/.config/discord/0.0.73/modules/pending/discord_krisp-1.zip: 61%
2024-11-11T04:04:53.434Z [Modules] Streaming discord_krisp@1 to /home/kiroshi/.config/discord/0.0.73/modules/pending/discord_krisp-1.zip: 62%
2024-11-11T04:04:53.441Z [Modules] Streaming discord_krisp@1 to /home/kiroshi/.config/discord/0.0.73/modules/pending/discord_krisp-1.zip: 63%
2024-11-11T04:04:53.448Z [Modules] Streaming discord_krisp@1 to /home/kiroshi/.config/discord/0.0.73/modules/pending/discord_krisp-1.zip: 64%
2024-11-11T04:04:53.460Z [Modules] Streaming discord_krisp@1 to /home/kiroshi/.config/discord/0.0.73/modules/pending/discord_krisp-1.zip: 65%
2024-11-11T04:04:53.472Z [Modules] Streaming discord_krisp@1 to /home/kiroshi/.config/discord/0.0.73/modules/pending/discord_krisp-1.zip: 66%
2024-11-11T04:04:53.487Z [Modules] Streaming discord_krisp@1 to /home/kiroshi/.config/discord/0.0.73/modules/pending/discord_krisp-1.zip: 67%
2024-11-11T04:04:53.498Z [Modules] Streaming discord_krisp@1 to /home/kiroshi/.config/discord/0.0.73/modules/pending/discord_krisp-1.zip: 68%
2024-11-11T04:04:53.508Z [Modules] Streaming discord_krisp@1 to /home/kiroshi/.config/discord/0.0.73/modules/pending/discord_krisp-1.zip: 69%
2024-11-11T04:04:53.515Z [Modules] Streaming discord_krisp@1 to /home/kiroshi/.config/discord/0.0.73/modules/pending/discord_krisp-1.zip: 70%
2024-11-11T04:04:53.526Z [Modules] Streaming discord_krisp@1 to /home/kiroshi/.config/discord/0.0.73/modules/pending/discord_krisp-1.zip: 71%
2024-11-11T04:04:53.533Z [Modules] Streaming discord_krisp@1 to /home/kiroshi/.config/discord/0.0.73/modules/pending/discord_krisp-1.zip: 72%
2024-11-11T04:04:53.544Z [Modules] Streaming discord_krisp@1 to /home/kiroshi/.config/discord/0.0.73/modules/pending/discord_krisp-1.zip: 73%
2024-11-11T04:04:53.554Z [Modules] Streaming discord_krisp@1 to /home/kiroshi/.config/discord/0.0.73/modules/pending/discord_krisp-1.zip: 74%
2024-11-11T04:04:53.563Z [Modules] Streaming discord_krisp@1 to /home/kiroshi/.config/discord/0.0.73/modules/pending/discord_krisp-1.zip: 75%
2024-11-11T04:04:53.571Z [Modules] Streaming discord_krisp@1 to /home/kiroshi/.config/discord/0.0.73/modules/pending/discord_krisp-1.zip: 76%
2024-11-11T04:04:53.580Z [Modules] Streaming discord_krisp@1 to /home/kiroshi/.config/discord/0.0.73/modules/pending/discord_krisp-1.zip: 77%
2024-11-11T04:04:53.592Z [Modules] Streaming discord_krisp@1 to /home/kiroshi/.config/discord/0.0.73/modules/pending/discord_krisp-1.zip: 78%
2024-11-11T04:04:53.598Z [Modules] Streaming discord_krisp@1 to /home/kiroshi/.config/discord/0.0.73/modules/pending/discord_krisp-1.zip: 79%
2024-11-11T04:04:53.607Z [Modules] Streaming discord_krisp@1 to /home/kiroshi/.config/discord/0.0.73/modules/pending/discord_krisp-1.zip: 80%
2024-11-11T04:04:53.614Z [Modules] Streaming discord_krisp@1 to /home/kiroshi/.config/discord/0.0.73/modules/pending/discord_krisp-1.zip: 81%
2024-11-11T04:04:53.623Z [Modules] Streaming discord_krisp@1 to /home/kiroshi/.config/discord/0.0.73/modules/pending/discord_krisp-1.zip: 82%
2024-11-11T04:04:53.627Z [Modules] Streaming discord_krisp@1 to /home/kiroshi/.config/discord/0.0.73/modules/pending/discord_krisp-1.zip: 83%
2024-11-11T04:04:53.636Z [Modules] Streaming discord_krisp@1 to /home/kiroshi/.config/discord/0.0.73/modules/pending/discord_krisp-1.zip: 84%
2024-11-11T04:04:53.650Z [Modules] Streaming discord_krisp@1 to /home/kiroshi/.config/discord/0.0.73/modules/pending/discord_krisp-1.zip: 85%
2024-11-11T04:04:53.659Z [Modules] Streaming discord_krisp@1 to /home/kiroshi/.config/discord/0.0.73/modules/pending/discord_krisp-1.zip: 86%
2024-11-11T04:04:53.665Z [Modules] Streaming discord_krisp@1 to /home/kiroshi/.config/discord/0.0.73/modules/pending/discord_krisp-1.zip: 87%
2024-11-11T04:04:53.673Z [Modules] Streaming discord_krisp@1 to /home/kiroshi/.config/discord/0.0.73/modules/pending/discord_krisp-1.zip: 88%
2024-11-11T04:04:53.677Z [Modules] Streaming discord_krisp@1 to /home/kiroshi/.config/discord/0.0.73/modules/pending/discord_krisp-1.zip: 89%
2024-11-11T04:04:53.686Z [Modules] Streaming discord_krisp@1 to /home/kiroshi/.config/discord/0.0.73/modules/pending/discord_krisp-1.zip: 90%
2024-11-11T04:04:53.696Z [Modules] Streaming discord_krisp@1 to /home/kiroshi/.config/discord/0.0.73/modules/pending/discord_krisp-1.zip: 91%
2024-11-11T04:04:53.702Z [Modules] Streaming discord_krisp@1 to /home/kiroshi/.config/discord/0.0.73/modules/pending/discord_krisp-1.zip: 92%
2024-11-11T04:04:53.709Z [Modules] Streaming discord_krisp@1 to /home/kiroshi/.config/discord/0.0.73/modules/pending/discord_krisp-1.zip: 93%
2024-11-11T04:04:53.719Z [Modules] Streaming discord_krisp@1 to /home/kiroshi/.config/discord/0.0.73/modules/pending/discord_krisp-1.zip: 94%
2024-11-11T04:04:53.723Z [Modules] Streaming discord_krisp@1 to /home/kiroshi/.config/discord/0.0.73/modules/pending/discord_krisp-1.zip: 95%
2024-11-11T04:04:53.729Z [Modules] Streaming discord_krisp@1 to /home/kiroshi/.config/discord/0.0.73/modules/pending/discord_krisp-1.zip: 96%
2024-11-11T04:04:53.735Z [Modules] Streaming discord_krisp@1 to /home/kiroshi/.config/discord/0.0.73/modules/pending/discord_krisp-1.zip: 97%
2024-11-11T04:04:53.742Z [Modules] Streaming discord_krisp@1 to /home/kiroshi/.config/discord/0.0.73/modules/pending/discord_krisp-1.zip: 98%
2024-11-11T04:04:53.750Z [Modules] Streaming discord_krisp@1 to /home/kiroshi/.config/discord/0.0.73/modules/pending/discord_krisp-1.zip: 99%
2024-11-11T04:04:53.756Z [Modules] Streaming discord_krisp@1 to /home/kiroshi/.config/discord/0.0.73/modules/pending/discord_krisp-1.zip: 100%
2024-11-11T04:04:53.758Z [Modules] Fetching discord_game_utils@1 from https://discord.com/api/modules/stable/discord_game_utils/1
2024-11-11T04:04:53.758Z [Modules] Streaming discord_game_utils@1 to /home/kiroshi/.config/discord/0.0.73/modules/pending/discord_game_utils-1.zip
2024-11-11T04:04:53.758Z [Modules] Installing discord_krisp@1 from /home/kiroshi/.config/discord/0.0.73/modules/pending/discord_krisp-1.zip
2024-11-11T04:04:53.891Z [Modules] Streaming discord_game_utils@1 to /home/kiroshi/.config/discord/0.0.73/modules/pending/discord_game_utils-1.zip: 1%
2024-11-11T04:04:53.892Z [Modules] Streaming discord_game_utils@1 to /home/kiroshi/.config/discord/0.0.73/modules/pending/discord_game_utils-1.zip: 2%
2024-11-11T04:04:53.893Z [Modules] Streaming discord_game_utils@1 to /home/kiroshi/.config/discord/0.0.73/modules/pending/discord_game_utils-1.zip: 4%
2024-11-11T04:04:53.897Z [Modules] Streaming discord_game_utils@1 to /home/kiroshi/.config/discord/0.0.73/modules/pending/discord_game_utils-1.zip: 5%
2024-11-11T04:04:53.901Z [Modules] Streaming discord_game_utils@1 to /home/kiroshi/.config/discord/0.0.73/modules/pending/discord_game_utils-1.zip: 6%
2024-11-11T04:04:53.906Z [Modules] Streaming discord_game_utils@1 to /home/kiroshi/.config/discord/0.0.73/modules/pending/discord_game_utils-1.zip: 8%
2024-11-11T04:04:53.909Z [Modules] Streaming discord_game_utils@1 to /home/kiroshi/.config/discord/0.0.73/modules/pending/discord_game_utils-1.zip: 11%
2024-11-11T04:04:53.912Z [Modules] Streaming discord_game_utils@1 to /home/kiroshi/.config/discord/0.0.73/modules/pending/discord_game_utils-1.zip: 13%
2024-11-11T04:04:53.913Z [Modules] Streaming discord_game_utils@1 to /home/kiroshi/.config/discord/0.0.73/modules/pending/discord_game_utils-1.zip: 14%
2024-11-11T04:04:53.916Z [Modules] Streaming discord_game_utils@1 to /home/kiroshi/.config/discord/0.0.73/modules/pending/discord_game_utils-1.zip: 15%
2024-11-11T04:04:53.917Z [Modules] Streaming discord_game_utils@1 to /home/kiroshi/.config/discord/0.0.73/modules/pending/discord_game_utils-1.zip: 17%
2024-11-11T04:04:53.920Z [Modules] Streaming discord_game_utils@1 to /home/kiroshi/.config/discord/0.0.73/modules/pending/discord_game_utils-1.zip: 18%
2024-11-11T04:04:53.925Z [Modules] Streaming discord_game_utils@1 to /home/kiroshi/.config/discord/0.0.73/modules/pending/discord_game_utils-1.zip: 20%
2024-11-11T04:04:53.925Z [Modules] Streaming discord_game_utils@1 to /home/kiroshi/.config/discord/0.0.73/modules/pending/discord_game_utils-1.zip: 21%
2024-11-11T04:04:53.929Z [Modules] Streaming discord_game_utils@1 to /home/kiroshi/.config/discord/0.0.73/modules/pending/discord_game_utils-1.zip: 22%
2024-11-11T04:04:53.930Z [Modules] Streaming discord_game_utils@1 to /home/kiroshi/.config/discord/0.0.73/modules/pending/discord_game_utils-1.zip: 23%
2024-11-11T04:04:53.932Z [Modules] Streaming discord_game_utils@1 to /home/kiroshi/.config/discord/0.0.73/modules/pending/discord_game_utils-1.zip: 25%
2024-11-11T04:04:53.939Z [Modules] Streaming discord_game_utils@1 to /home/kiroshi/.config/discord/0.0.73/modules/pending/discord_game_utils-1.zip: 27%
2024-11-11T04:04:53.941Z [Modules] Streaming discord_game_utils@1 to /home/kiroshi/.config/discord/0.0.73/modules/pending/discord_game_utils-1.zip: 29%
2024-11-11T04:04:53.942Z [Modules] Streaming discord_game_utils@1 to /home/kiroshi/.config/discord/0.0.73/modules/pending/discord_game_utils-1.zip: 30%
2024-11-11T04:04:53.947Z [Modules] Streaming discord_game_utils@1 to /home/kiroshi/.config/discord/0.0.73/modules/pending/discord_game_utils-1.zip: 31%
2024-11-11T04:04:53.951Z [Modules] Streaming discord_game_utils@1 to /home/kiroshi/.config/discord/0.0.73/modules/pending/discord_game_utils-1.zip: 34%
2024-11-11T04:04:53.952Z [Modules] Streaming discord_game_utils@1 to /home/kiroshi/.config/discord/0.0.73/modules/pending/discord_game_utils-1.zip: 35%
2024-11-11T04:04:53.954Z [Modules] Streaming discord_game_utils@1 to /home/kiroshi/.config/discord/0.0.73/modules/pending/discord_game_utils-1.zip: 36%
2024-11-11T04:04:53.957Z [Modules] Streaming discord_game_utils@1 to /home/kiroshi/.config/discord/0.0.73/modules/pending/discord_game_utils-1.zip: 38%
2024-11-11T04:04:53.960Z [Modules] Streaming discord_game_utils@1 to /home/kiroshi/.config/discord/0.0.73/modules/pending/discord_game_utils-1.zip: 39%
2024-11-11T04:04:53.961Z [Modules] Streaming discord_game_utils@1 to /home/kiroshi/.config/discord/0.0.73/modules/pending/discord_game_utils-1.zip: 40%
2024-11-11T04:04:53.964Z [Modules] Streaming discord_game_utils@1 to /home/kiroshi/.config/discord/0.0.73/modules/pending/discord_game_utils-1.zip: 42%
2024-11-11T04:04:53.964Z [Modules] Streaming discord_game_utils@1 to /home/kiroshi/.config/discord/0.0.73/modules/pending/discord_game_utils-1.zip: 43%
2024-11-11T04:04:53.967Z [Modules] Streaming discord_game_utils@1 to /home/kiroshi/.config/discord/0.0.73/modules/pending/discord_game_utils-1.zip: 44%
2024-11-11T04:04:53.973Z [Modules] Streaming discord_game_utils@1 to /home/kiroshi/.config/discord/0.0.73/modules/pending/discord_game_utils-1.zip: 46%
2024-11-11T04:04:53.973Z [Modules] Streaming discord_game_utils@1 to /home/kiroshi/.config/discord/0.0.73/modules/pending/discord_game_utils-1.zip: 47%
2024-11-11T04:04:53.975Z [Modules] Streaming discord_game_utils@1 to /home/kiroshi/.config/discord/0.0.73/modules/pending/discord_game_utils-1.zip: 48%
2024-11-11T04:04:53.975Z [Modules] Streaming discord_game_utils@1 to /home/kiroshi/.config/discord/0.0.73/modules/pending/discord_game_utils-1.zip: 49%
2024-11-11T04:04:53.979Z [Modules] Streaming discord_game_utils@1 to /home/kiroshi/.config/discord/0.0.73/modules/pending/discord_game_utils-1.zip: 51%
2024-11-11T04:04:53.983Z [Modules] Streaming discord_game_utils@1 to /home/kiroshi/.config/discord/0.0.73/modules/pending/discord_game_utils-1.zip: 52%
2024-11-11T04:04:53.983Z [Modules] Streaming discord_game_utils@1 to /home/kiroshi/.config/discord/0.0.73/modules/pending/discord_game_utils-1.zip: 53%
2024-11-11T04:04:53.987Z [Modules] Streaming discord_game_utils@1 to /home/kiroshi/.config/discord/0.0.73/modules/pending/discord_game_utils-1.zip: 55%
2024-11-11T04:04:53.988Z [Modules] Streaming discord_game_utils@1 to /home/kiroshi/.config/discord/0.0.73/modules/pending/discord_game_utils-1.zip: 56%
2024-11-11T04:04:53.990Z [Modules] Streaming discord_game_utils@1 to /home/kiroshi/.config/discord/0.0.73/modules/pending/discord_game_utils-1.zip: 57%
2024-11-11T04:04:53.994Z [Modules] Streaming discord_game_utils@1 to /home/kiroshi/.config/discord/0.0.73/modules/pending/discord_game_utils-1.zip: 59%
2024-11-11T04:04:53.994Z [Modules] Streaming discord_game_utils@1 to /home/kiroshi/.config/discord/0.0.73/modules/pending/discord_game_utils-1.zip: 60%
2024-11-11T04:04:53.997Z [Modules] Streaming discord_game_utils@1 to /home/kiroshi/.config/discord/0.0.73/modules/pending/discord_game_utils-1.zip: 61%
2024-11-11T04:04:54.000Z [Modules] Streaming discord_game_utils@1 to /home/kiroshi/.config/discord/0.0.73/modules/pending/discord_game_utils-1.zip: 63%
2024-11-11T04:04:54.005Z [Modules] Streaming discord_game_utils@1 to /home/kiroshi/.config/discord/0.0.73/modules/pending/discord_game_utils-1.zip: 64%
2024-11-11T04:04:54.006Z [Modules] Streaming discord_game_utils@1 to /home/kiroshi/.config/discord/0.0.73/modules/pending/discord_game_utils-1.zip: 65%
2024-11-11T04:04:54.007Z [Modules] Streaming discord_game_utils@1 to /home/kiroshi/.config/discord/0.0.73/modules/pending/discord_game_utils-1.zip: 66%
2024-11-11T04:04:54.009Z [Modules] Streaming discord_game_utils@1 to /home/kiroshi/.config/discord/0.0.73/modules/pending/discord_game_utils-1.zip: 67%
2024-11-11T04:04:54.014Z [Modules] Streaming discord_game_utils@1 to /home/kiroshi/.config/discord/0.0.73/modules/pending/discord_game_utils-1.zip: 69%
2024-11-11T04:04:54.015Z [Modules] Streaming discord_game_utils@1 to /home/kiroshi/.config/discord/0.0.73/modules/pending/discord_game_utils-1.zip: 70%
2024-11-11T04:04:54.017Z [Modules] Streaming discord_game_utils@1 to /home/kiroshi/.config/discord/0.0.73/modules/pending/discord_game_utils-1.zip: 72%
2024-11-11T04:04:54.018Z [Modules] Streaming discord_game_utils@1 to /home/kiroshi/.config/discord/0.0.73/modules/pending/discord_game_utils-1.zip: 73%
2024-11-11T04:04:54.022Z [Modules] Streaming discord_game_utils@1 to /home/kiroshi/.config/discord/0.0.73/modules/pending/discord_game_utils-1.zip: 74%
2024-11-11T04:04:54.023Z [Modules] Streaming discord_game_utils@1 to /home/kiroshi/.config/discord/0.0.73/modules/pending/discord_game_utils-1.zip: 75%
2024-11-11T04:04:54.025Z [Modules] Streaming discord_game_utils@1 to /home/kiroshi/.config/discord/0.0.73/modules/pending/discord_game_utils-1.zip: 77%
2024-11-11T04:04:54.029Z [Modules] Streaming discord_game_utils@1 to /home/kiroshi/.config/discord/0.0.73/modules/pending/discord_game_utils-1.zip: 79%
2024-11-11T04:04:54.033Z [Modules] Streaming discord_game_utils@1 to /home/kiroshi/.config/discord/0.0.73/modules/pending/discord_game_utils-1.zip: 81%
2024-11-11T04:04:54.034Z [Modules] Streaming discord_game_utils@1 to /home/kiroshi/.config/discord/0.0.73/modules/pending/discord_game_utils-1.zip: 82%
2024-11-11T04:04:54.037Z [Modules] Streaming discord_game_utils@1 to /home/kiroshi/.config/discord/0.0.73/modules/pending/discord_game_utils-1.zip: 83%
2024-11-11T04:04:54.041Z [Modules] Streaming discord_game_utils@1 to /home/kiroshi/.config/discord/0.0.73/modules/pending/discord_game_utils-1.zip: 85%
2024-11-11T04:04:54.046Z [Modules] Streaming discord_game_utils@1 to /home/kiroshi/.config/discord/0.0.73/modules/pending/discord_game_utils-1.zip: 86%
2024-11-11T04:04:54.047Z [Modules] Streaming discord_game_utils@1 to /home/kiroshi/.config/discord/0.0.73/modules/pending/discord_game_utils-1.zip: 87%
2024-11-11T04:04:54.048Z [Modules] Streaming discord_game_utils@1 to /home/kiroshi/.config/discord/0.0.73/modules/pending/discord_game_utils-1.zip: 88%
2024-11-11T04:04:54.050Z [Modules] Streaming discord_game_utils@1 to /home/kiroshi/.config/discord/0.0.73/modules/pending/discord_game_utils-1.zip: 90%
2024-11-11T04:04:54.053Z [Modules] Streaming discord_game_utils@1 to /home/kiroshi/.config/discord/0.0.73/modules/pending/discord_game_utils-1.zip: 91%
2024-11-11T04:04:54.057Z [Modules] Streaming discord_game_utils@1 to /home/kiroshi/.config/discord/0.0.73/modules/pending/discord_game_utils-1.zip: 92%
2024-11-11T04:04:54.058Z [Modules] Streaming discord_game_utils@1 to /home/kiroshi/.config/discord/0.0.73/modules/pending/discord_game_utils-1.zip: 93%
2024-11-11T04:04:54.060Z [Modules] Streaming discord_game_utils@1 to /home/kiroshi/.config/discord/0.0.73/modules/pending/discord_game_utils-1.zip: 95%
2024-11-11T04:04:54.063Z [Modules] Streaming discord_game_utils@1 to /home/kiroshi/.config/discord/0.0.73/modules/pending/discord_game_utils-1.zip: 96%
2024-11-11T04:04:54.065Z [Modules] Streaming discord_game_utils@1 to /home/kiroshi/.config/discord/0.0.73/modules/pending/discord_game_utils-1.zip: 98%
2024-11-11T04:04:54.069Z [Modules] Streaming discord_game_utils@1 to /home/kiroshi/.config/discord/0.0.73/modules/pending/discord_game_utils-1.zip: 100%
2024-11-11T04:04:54.070Z [Modules] Fetching discord_rpc@1 from https://discord.com/api/modules/stable/discord_rpc/1
2024-11-11T04:04:54.071Z [Modules] Streaming discord_rpc@1 to /home/kiroshi/.config/discord/0.0.73/modules/pending/discord_rpc-1.zip
2024-11-11T04:04:54.216Z [Modules] Streaming discord_rpc@1 to /home/kiroshi/.config/discord/0.0.73/modules/pending/discord_rpc-1.zip: 5%
2024-11-11T04:04:54.217Z [Modules] Streaming discord_rpc@1 to /home/kiroshi/.config/discord/0.0.73/modules/pending/discord_rpc-1.zip: 100%
2024-11-11T04:04:54.220Z [Modules] Finished module downloads. [success: 3] [failure: 0]
2024-11-11T04:04:54.406Z [Modules] Installing discord_game_utils@1 from /home/kiroshi/.config/discord/0.0.73/modules/pending/discord_game_utils-1.zip
2024-11-11T04:04:54.524Z [Modules] Installing discord_rpc@1 from /home/kiroshi/.config/discord/0.0.73/modules/pending/discord_rpc-1.zip
2024-11-11T04:04:54.542Z [Modules] Finished module installations. [success: 3] [failure: 0]
2024-11-11T12:40:31.442Z [Modules] Modules initializing
2024-11-11T12:40:31.442Z [Modules] Distribution: remote
2024-11-11T12:40:31.442Z [Modules] Host updates: enabled
2024-11-11T12:40:31.443Z [Modules] Module updates: enabled
2024-11-11T12:40:31.443Z [Modules] Module install path: /home/kiroshi/.config/discord/0.0.73/modules
2024-11-11T12:40:31.443Z [Modules] Module installed file path: /home/kiroshi/.config/discord/0.0.73/modules/installed.json
2024-11-11T12:40:31.443Z [Modules] Module download path: /home/kiroshi/.config/discord/0.0.73/modules/pending
2024-11-11T12:40:31.835Z [Modules] No updates to install
2024-11-11T12:40:31.836Z [Modules] Checking for host updates.
2024-11-11T12:40:32.130Z [Modules] Host is up to date.
2024-11-11T12:40:32.131Z [Modules] Checking for module updates at https://discord.com/api/modules/stable/versions.json
2024-11-11T12:40:32.199Z [Modules] No module updates available.
2024-11-11T12:40:37.535Z [Modules] Checking for host updates.
2024-11-11T12:40:37.646Z [Modules] Host is up to date.
2024-11-11T12:40:37.646Z [Modules] Checking for module updates at https://discord.com/api/modules/stable/versions.json
2024-11-11T12:40:37.649Z [Modules] No module updates available.
2024-11-11T12:47:56.681Z [Modules] Modules initializing
2024-11-11T12:47:56.681Z [Modules] Distribution: remote
2024-11-11T12:47:56.681Z [Modules] Host updates: enabled
2024-11-11T12:47:56.681Z [Modules] Module updates: enabled
2024-11-11T12:47:56.682Z [Modules] Module install path: /home/kiroshi/.config/discord/0.0.73/modules
2024-11-11T12:47:56.682Z [Modules] Module installed file path: /home/kiroshi/.config/discord/0.0.73/modules/installed.json
2024-11-11T12:47:56.682Z [Modules] Module download path: /home/kiroshi/.config/discord/0.0.73/modules/pending
2024-11-11T12:47:56.945Z [Modules] No updates to install
2024-11-11T12:47:56.945Z [Modules] Checking for host updates.
2024-11-11T12:47:57.210Z [Modules] Host is up to date.
2024-11-11T12:47:57.211Z [Modules] Checking for module updates at https://discord.com/api/modules/stable/versions.json
2024-11-11T12:47:57.266Z [Modules] No module updates available.
2024-11-11T12:48:00.057Z [Modules] Checking for host updates.
2024-11-11T12:48:00.171Z [Modules] Host is up to date.
2024-11-11T12:48:00.172Z [Modules] Checking for module updates at https://discord.com/api/modules/stable/versions.json
2024-11-11T12:48:00.176Z [Modules] No module updates available.
2024-11-12T01:02:57.705Z [Modules] Modules initializing
2024-11-12T01:02:57.705Z [Modules] Distribution: remote
2024-11-12T01:02:57.705Z [Modules] Host updates: enabled
2024-11-12T01:02:57.706Z [Modules] Module updates: enabled
2024-11-12T01:02:57.706Z [Modules] Module install path: /home/kiroshi/.config/discord/0.0.73/modules
2024-11-12T01:02:57.706Z [Modules] Module installed file path: /home/kiroshi/.config/discord/0.0.73/modules/installed.json
2024-11-12T01:02:57.706Z [Modules] Module download path: /home/kiroshi/.config/discord/0.0.73/modules/pending
2024-11-12T01:02:58.096Z [Modules] No updates to install
2024-11-12T01:02:58.097Z [Modules] Checking for host updates.
2024-11-12T01:02:58.376Z [Modules] Host is up to date.
2024-11-12T01:02:58.377Z [Modules] Checking for module updates at https://discord.com/api/modules/stable/versions.json
2024-11-12T01:02:58.444Z [Modules] No module updates available.
2024-11-12T01:03:01.505Z [Modules] Checking for host updates.
2024-11-12T01:03:01.646Z [Modules] Host is up to date.
2024-11-12T01:03:01.646Z [Modules] Checking for module updates at https://discord.com/api/modules/stable/versions.json
2024-11-12T01:03:01.654Z [Modules] No module updates available.
2024-11-13T12:15:55.246Z [Modules] Modules initializing
2024-11-13T12:15:55.246Z [Modules] Distribution: remote
2024-11-13T12:15:55.246Z [Modules] Host updates: enabled
2024-11-13T12:15:55.246Z [Modules] Module updates: enabled
2024-11-13T12:15:55.247Z [Modules] Module install path: /home/kiroshi/.config/discord/0.0.73/modules
2024-11-13T12:15:55.247Z [Modules] Module installed file path: /home/kiroshi/.config/discord/0.0.73/modules/installed.json
2024-11-13T12:15:55.247Z [Modules] Module download path: /home/kiroshi/.config/discord/0.0.73/modules/pending
2024-11-13T12:15:55.633Z [Modules] No updates to install
2024-11-13T12:15:55.634Z [Modules] Checking for host updates.
2024-11-13T12:15:55.930Z [Modules] Host update is available. Manual update required!
2024-11-13T12:19:25.965Z [Modules] Modules initializing
2024-11-13T12:19:25.965Z [Modules] Distribution: remote
2024-11-13T12:19:25.965Z [Modules] Host updates: disabled
2024-11-13T12:19:25.965Z [Modules] Module updates: enabled
2024-11-13T12:19:25.965Z [Modules] Module install path: /home/kiroshi/.config/discord/0.0.73/modules
2024-11-13T12:19:25.965Z [Modules] Module installed file path: /home/kiroshi/.config/discord/0.0.73/modules/installed.json
2024-11-13T12:19:25.966Z [Modules] Module download path: /home/kiroshi/.config/discord/0.0.73/modules/pending
2024-11-13T12:19:26.216Z [Modules] No updates to install
2024-11-13T12:19:26.217Z [Modules] Host is up to date.
2024-11-13T12:19:26.217Z [Modules] Checking for module updates at https://discord.com/api/modules/stable/versions.json
2024-11-13T12:19:26.399Z [Modules] No module updates available.
2024-11-13T12:19:29.820Z [Modules] Host is up to date.
2024-11-13T12:19:29.820Z [Modules] Checking for module updates at https://discord.com/api/modules/stable/versions.json
2024-11-13T12:19:29.822Z [Modules] No module updates available.
2024-11-16T15:45:47.687Z [Modules] Modules initializing
2024-11-16T15:45:47.687Z [Modules] Distribution: remote
2024-11-16T15:45:47.687Z [Modules] Host updates: disabled
2024-11-16T15:45:47.688Z [Modules] Module updates: enabled
2024-11-16T15:45:47.688Z [Modules] Module install path: /home/kiroshi/.config/discord/0.0.73/modules
2024-11-16T15:45:47.688Z [Modules] Module installed file path: /home/kiroshi/.config/discord/0.0.73/modules/installed.json
2024-11-16T15:45:47.688Z [Modules] Module download path: /home/kiroshi/.config/discord/0.0.73/modules/pending
2024-11-16T15:45:48.099Z [Modules] No updates to install
2024-11-16T15:45:48.100Z [Modules] Host is up to date.
2024-11-16T15:45:48.100Z [Modules] Checking for module updates at https://discord.com/api/modules/stable/versions.json
2024-11-16T15:45:48.308Z [Modules] No module updates available.
2024-11-16T15:45:51.978Z [Modules] Host is up to date.
2024-11-16T15:45:51.978Z [Modules] Checking for module updates at https://discord.com/api/modules/stable/versions.json
2024-11-16T15:45:51.982Z [Modules] No module updates available.
