2024-11-11T04:04:42.557Z 0: 

----------------------------------------------
2024-11-11T04:04:42.575Z 1: Discord starting: {"releaseChannel":"stable","version":"0.0.73"}, modulepath: /home/kiroshi/.config/discord/0.0.73/modules
2024-11-11T04:04:42.580Z 2: ✅ webContents.created web1 ""
2024-11-11T04:04:42.584Z 3: ✅ window.created win1 "discord"
2024-11-11T04:04:42.903Z 4: ✅ webContents.did-finish-load web1
2024-11-11T04:04:49.997Z 5: ✅ webContents.created web2 ""
2024-11-11T04:04:50.011Z 6: ✅ window.created win2 "Discord"
2024-11-11T04:04:53.133Z 7: ✅ webContents.did-finish-load web2
2024-11-11T04:04:53.237Z 8: window.close win1
2024-11-11T04:04:53.298Z 9: webContents.destroyed web1
2024-11-11T04:04:53.307Z 10: window.closed win1
2024-11-11T04:07:36.198Z 11: window.close win2
2024-11-11T04:15:01.785Z 0: 

----------------------------------------------
2024-11-11T04:15:01.810Z 1: Discord starting: {"releaseChannel":"stable","version":"0.0.73"}, modulepath: /home/kiroshi/.config/discord/0.0.73/modules
2024-11-11T04:15:27.362Z 12: window.close win2
2024-11-11T04:18:13.499Z 0: 

----------------------------------------------
2024-11-11T04:18:13.535Z 1: Discord starting: {"releaseChannel":"stable","version":"0.0.73"}, modulepath: /home/kiroshi/.config/discord/0.0.73/modules
2024-11-11T04:18:33.119Z 13: window.close win2
2024-11-11T04:24:17.293Z 0: 

----------------------------------------------
2024-11-11T04:25:13.074Z 14: window.close win2
2024-11-11T04:25:17.186Z 0: 

----------------------------------------------
2024-11-11T04:25:39.666Z 15: window.close win2
2024-11-11T04:28:33.284Z 0: 

----------------------------------------------
2024-11-11T04:36:18.547Z 16: window.close win2
2024-11-11T04:36:18.559Z 17: before-quit
2024-11-11T04:36:18.563Z 18: window.close win2
2024-11-11T04:36:18.768Z 19: webContents.destroyed web2
2024-11-11T12:40:31.502Z 0: 

----------------------------------------------
2024-11-11T12:40:31.520Z 1: Discord starting: {"releaseChannel":"stable","version":"0.0.73"}, modulepath: /home/kiroshi/.config/discord/0.0.73/modules
2024-11-11T12:40:31.531Z 2: ✅ webContents.created web1 ""
2024-11-11T12:40:31.540Z 3: ✅ window.created win1 "discord"
2024-11-11T12:40:31.957Z 4: ✅ webContents.did-finish-load web1
2024-11-11T12:40:32.355Z 5: ✅ webContents.created web2 ""
2024-11-11T12:40:32.372Z 6: ✅ window.created win2 "Discord"
2024-11-11T12:40:35.713Z 7: ❌ webContents.did-fail-load web2" -3 
2024-11-11T12:40:36.734Z 8: ✅ webContents.did-finish-load web2
2024-11-11T12:40:36.837Z 9: window.close win1
2024-11-11T12:40:36.877Z 10: webContents.destroyed web1
2024-11-11T12:40:36.890Z 11: window.closed win1
2024-11-11T12:41:05.145Z 12: window.close win2
2024-11-11T12:41:05.157Z 13: before-quit
2024-11-11T12:41:05.163Z 14: window.close win2
2024-11-11T12:41:05.366Z 15: webContents.destroyed web2
2024-11-11T12:47:56.732Z 0: 

----------------------------------------------
2024-11-11T12:47:56.760Z 1: Discord starting: {"releaseChannel":"stable","version":"0.0.73"}, modulepath: /home/kiroshi/.config/discord/0.0.73/modules
2024-11-11T12:47:56.768Z 2: ✅ webContents.created web1 ""
2024-11-11T12:47:56.774Z 3: ✅ window.created win1 "discord"
2024-11-11T12:47:57.059Z 4: ✅ webContents.did-finish-load web1
2024-11-11T12:47:57.424Z 5: ✅ webContents.created web2 ""
2024-11-11T12:47:57.437Z 6: ✅ window.created win2 "Discord"
2024-11-11T12:48:00.337Z 7: ✅ webContents.did-finish-load web2
2024-11-11T12:48:00.439Z 8: window.close win1
2024-11-11T12:48:00.486Z 9: webContents.destroyed web1
2024-11-11T12:48:00.490Z 10: window.closed win1
2024-11-11T12:48:05.194Z 11: window.close win2
2024-11-11T12:48:05.207Z 12: before-quit
2024-11-11T12:48:05.211Z 13: window.close win2
2024-11-11T12:48:05.299Z 14: webContents.destroyed web2
2024-11-12T01:02:57.764Z 0: 

----------------------------------------------
2024-11-12T01:02:57.777Z 1: Discord starting: {"releaseChannel":"stable","version":"0.0.73"}, modulepath: /home/kiroshi/.config/discord/0.0.73/modules
2024-11-12T01:02:57.786Z 2: ✅ webContents.created web1 ""
2024-11-12T01:02:57.791Z 3: ✅ window.created win1 "discord"
2024-11-12T01:02:58.205Z 4: ✅ webContents.did-finish-load web1
2024-11-12T01:02:58.580Z 5: ✅ webContents.created web2 ""
2024-11-12T01:02:58.598Z 6: ✅ window.created win2 "Discord"
2024-11-12T01:03:01.607Z 7: ✅ webContents.did-finish-load web2
2024-11-12T01:03:01.709Z 8: window.close win1
2024-11-12T01:03:01.736Z 9: webContents.destroyed web1
2024-11-12T01:03:01.742Z 10: window.closed win1
2024-11-12T01:03:10.652Z 11: window.close win2
2024-11-12T01:03:10.659Z 12: before-quit
2024-11-12T01:03:10.663Z 13: window.close win2
2024-11-12T01:03:10.838Z 14: webContents.destroyed web2
2024-11-13T12:15:55.316Z 0: 

----------------------------------------------
2024-11-13T12:15:55.334Z 1: Discord starting: {"releaseChannel":"stable","version":"0.0.73"}, modulepath: /home/kiroshi/.config/discord/0.0.73/modules
2024-11-13T12:15:55.342Z 2: ✅ webContents.created web1 ""
2024-11-13T12:15:55.346Z 3: ✅ window.created win1 "discord"
2024-11-13T12:15:55.728Z 4: ✅ webContents.did-finish-load web1
2024-11-13T12:16:06.597Z 5: before-quit
2024-11-13T12:16:06.621Z 6: window.close win1
2024-11-13T12:19:26.011Z 0: 

----------------------------------------------
2024-11-13T12:19:26.028Z 1: Discord starting: {"releaseChannel":"stable","version":"0.0.73"}, modulepath: /home/kiroshi/.config/discord/0.0.73/modules
2024-11-13T12:19:26.033Z 2: ✅ webContents.created web1 ""
2024-11-13T12:19:26.037Z 3: ✅ window.created win1 "discord"
2024-11-13T12:19:26.307Z 4: ✅ webContents.did-finish-load web1
2024-11-13T12:19:26.488Z 5: ✅ webContents.created web2 ""
2024-11-13T12:19:26.502Z 6: ✅ window.created win2 "Discord"
2024-11-13T12:19:30.002Z 7: ✅ webContents.did-finish-load web2
2024-11-13T12:19:30.104Z 8: window.close win1
2024-11-13T12:19:30.131Z 9: webContents.destroyed web1
2024-11-13T12:19:30.135Z 10: window.closed win1
2024-11-13T12:23:46.373Z 11: window.close win2
2024-11-13T12:23:46.385Z 12: before-quit
2024-11-13T12:23:46.389Z 13: window.close win2
2024-11-13T12:23:46.467Z 14: webContents.destroyed web2
2024-11-13T12:23:46.488Z 15: window.closed win2
2024-11-16T15:45:47.744Z 0: 

----------------------------------------------
2024-11-16T15:45:47.763Z 1: Discord starting: {"releaseChannel":"stable","version":"0.0.73"}, modulepath: /home/kiroshi/.config/discord/0.0.73/modules
2024-11-16T15:45:47.770Z 2: ✅ webContents.created web1 ""
2024-11-16T15:45:47.774Z 3: ✅ window.created win1 "discord"
2024-11-16T15:45:48.199Z 4: ✅ webContents.did-finish-load web1
2024-11-16T15:45:48.385Z 5: ✅ webContents.created web2 ""
2024-11-16T15:45:48.401Z 6: ✅ window.created win2 "Discord"
2024-11-16T15:45:52.111Z 7: ✅ webContents.did-finish-load web2
2024-11-16T15:45:52.214Z 8: window.close win1
2024-11-16T15:45:52.246Z 9: webContents.destroyed web1
2024-11-16T15:45:52.250Z 10: window.closed win1
2024-11-16T15:46:55.918Z 11: window.close win2
2024-11-16T15:46:55.930Z 12: before-quit
2024-11-16T15:46:55.934Z 13: window.close win2
2024-11-16T15:46:56.091Z 14: webContents.destroyed web2
