INFO  2024-11-11T20:45:21.597+00:00 ThreadId(6) [1P:op-settings/src/store/json_store.rs:71] Settings file created @ 2024-10-31 02:24:25.392207521 UTC and last modified @ 2024-11-04 22:26:10.333312260 UTC
INFO  2024-11-11T20:45:21.614+00:00 ThreadId(6) [client:typescript] Client starting.
INFO  2024-11-11T20:45:22.156+00:00 ThreadId(6) [1P:op-crash-reporting/src/crash_handler.rs:276] Started crash handler thread
INFO  2024-11-11T20:45:22.158+00:00 ThreadId(6) [1P:op-localization/src/lib.rs:232] system locale detected as 'en-US'
INFO  2024-11-11T20:45:22.159+00:00 ThreadId(6) [1P:op-localization/src/lib.rs:258] selected translations for EN_US based on detected locale en-US
INFO  2024-11-11T20:45:22.160+00:00 ThreadId(6) [status:app/op-app/src/app.rs:672] App::new(1Password for Linux/81048025 (EN_US), /home/<redacted-username>/.config/1Password)
WARN  2024-11-11T20:45:22.178+00:00 ThreadId(6) [1P:data/op-db/src/common/mod.rs:98] The following tables exist in the Core DB but are not being checked: developer_activity_log
INFO  2024-11-11T20:45:22.200+00:00 ThreadId(6) [1P:data/op-db/src/common/mod.rs:147] Core DB Table Integrity Check Succeeded
INFO  2024-11-11T20:45:22.201+00:00 ThreadId(6) [1P:data/op-db/src/common/mod.rs:161] Core DB Integrity Check Succeeded
INFO  2024-11-11T20:45:22.201+00:00 ThreadId(6) [1P:data/op-db/src/core_db/db.rs:143] Starting Core DB at version: 37
INFO  2024-11-11T20:45:22.215+00:00 ThreadId(6) [1P:data/op-db/src/common/mod.rs:147] Resources DB Table Integrity Check Succeeded
INFO  2024-11-11T20:45:22.215+00:00 ThreadId(6) [1P:data/op-db/src/common/mod.rs:161] Resources DB Integrity Check Succeeded
INFO  2024-11-11T20:45:22.215+00:00 ThreadId(6) [1P:data/op-db/src/resources_db/db.rs:105] Starting Resources DB at version: 1
ERROR 2024-11-11T20:45:22.226+00:00 ThreadId(6) [1P:/builds/dev/core/core/ssh/op-ssh-config/src/lib.rs:196] Failed to start ssh config file watcher: Io(Os { code: 2, kind: NotFound, message: "No such file or directory" })
INFO  2024-11-11T20:45:22.234+00:00 ThreadId(6) [1P:native-messaging/op-nm-installer/src/nix_utils.rs:68] Created NMH manifest at /home/<redacted-username>/.config/google-chrome/NativeMessagingHosts/com.1password.1password.json
INFO  2024-11-11T20:45:22.235+00:00 ThreadId(6) [1P:native-messaging/op-nm-installer/src/nix_utils.rs:68] Created NMH manifest at /home/<redacted-username>/.config/google-chrome-beta/NativeMessagingHosts/com.1password.1password.json
INFO  2024-11-11T20:45:22.235+00:00 ThreadId(6) [1P:native-messaging/op-nm-installer/src/nix_utils.rs:68] Created NMH manifest at /home/<redacted-username>/.config/google-chrome-unstable/NativeMessagingHosts/com.1password.1password.json
INFO  2024-11-11T20:45:22.235+00:00 ThreadId(6) [1P:native-messaging/op-nm-installer/src/nix_utils.rs:68] Created NMH manifest at /home/<redacted-username>/.config/chromium/NativeMessagingHosts/com.1password.1password.json
INFO  2024-11-11T20:45:22.235+00:00 ThreadId(6) [1P:native-messaging/op-nm-installer/src/nix_utils.rs:68] Created NMH manifest at /home/<redacted-username>/.config/microsoft-edge-dev/NativeMessagingHosts/com.1password.1password.json
INFO  2024-11-11T20:45:22.235+00:00 ThreadId(6) [1P:native-messaging/op-nm-installer/src/nix_utils.rs:68] Created NMH manifest at /home/<redacted-username>/.config/BraveSoftware/Brave-Browser/NativeMessagingHosts/com.1password.1password.json
INFO  2024-11-11T20:45:22.235+00:00 ThreadId(6) [1P:native-messaging/op-nm-installer/src/nix_utils.rs:68] Created NMH manifest at /home/<redacted-username>/.config/vivaldi/NativeMessagingHosts/com.1password.1password.json
INFO  2024-11-11T20:45:22.235+00:00 ThreadId(6) [1P:native-messaging/op-nm-installer/src/nix_utils.rs:68] Created NMH manifest at /home/<redacted-username>/.config/vivaldi-snapshot/NativeMessagingHosts/com.1password.1password.json
INFO  2024-11-11T20:45:22.236+00:00 ThreadId(6) [1P:native-messaging/op-nm-installer/src/nix_utils.rs:68] Created NMH manifest at /home/<redacted-username>/.mozilla/native-messaging-hosts/com.1password.1password.json
INFO  2024-11-11T20:45:22.236+00:00 ThreadId(6) [1P:native-messaging/op-nm-installer/src/nix_utils.rs:83] Successfully installed all native messaging manifests.
INFO  2024-11-11T20:45:22.247+00:00 tokio-runtime-worker(ThreadId(3)) [1P:app/op-app/src/app/backend/lock.rs:340] MYCELIUM PRE-REGISTRATION FLAGS: Fetching pre-registration flags
INFO  2024-11-11T20:45:22.251+00:00 tokio-runtime-worker(ThreadId(4)) [1P:native-messaging/op-native-core-integration/src/lib.rs:336] Starting IPC listener on 1Password-BrowserSupport
ERROR 2024-11-11T20:45:22.252+00:00 ThreadId(6) [1P:ffi/op-core-node/src/lib.rs:448] Io(Os { code: 2, kind: NotFound, message: "No such file or directory" })
INFO  2024-11-11T20:45:22.252+00:00 tokio-runtime-worker(ThreadId(4)) [1P:native-messaging/op-native-core-integration/src/lib.rs:348] Active native core integration is awaiting messages
INFO  2024-11-11T20:45:22.266+00:00 tokio-runtime-worker(ThreadId(1)) [1P:ssh/op-agent-controller/src/lib.rs:549] Starting filesystem watcher for SSH agent configuration directories...
ERROR 2024-11-11T20:45:22.268+00:00 tokio-runtime-worker(ThreadId(1)) [1P:/builds/dev/core/core/ssh/op-agent-controller/src/lib.rs:550] Io(Os { code: 2, kind: NotFound, message: "No such file or directory" })
INFO  2024-11-11T20:45:22.400+00:00 tokio-runtime-worker(ThreadId(1)) [1P:app/op-app/src/app/backend/lock.rs:347] MYCELIUM PRE-REGISTRATION FLAGS: Forward flag enabled true
INFO  2024-11-11T20:45:22.400+00:00 tokio-runtime-worker(ThreadId(1)) [1P:app/op-app/src/app/backend/lock.rs:356] MYCELIUM PRE-REGISTRATION FLAGS: Reverse flag enabled true
INFO  2024-11-11T20:45:23.062+00:00 tokio-runtime-worker(ThreadId(2)) [1P:app/op-app/src/app/backend/lock_screen.rs:89] System unlock is enabled: true
INFO  2024-11-11T20:45:23.063+00:00 tokio-runtime-worker(ThreadId(3)) [1P:app/op-app/src/app/backend/lock_screen.rs:117] Sys auth status NotSetup
INFO  2024-11-11T20:45:29.245+00:00 tokio-runtime-worker(ThreadId(3)) [1P:app/op-app/src/app/backend/lock_screen.rs:89] System unlock is enabled: true
INFO  2024-11-11T20:45:29.331+00:00 tokio-runtime-worker(ThreadId(3)) [1P:/builds/dev/core/core/data/ext/op-account-ext-settings-authentication/src/lib.rs:226] loaded settings authentication key: 78713fab33a9e975
INFO  2024-11-11T20:45:29.333+00:00 tokio-runtime-worker(ThreadId(3)) [1P:data/ext/op-account-ext-search-weights/src/weights.rs:67] Search weights loaded for account with 5 entries (total bytes: 229)
INFO  2024-11-11T20:45:29.337+00:00 tokio-runtime-worker(ThreadId(3)) [1P:data/ext/op-account-ext-items/src/lib.rs:234] loaded 366 items in 4 vaults for account: BY2IIGAMTNE4XJZUGKNF73G4BY
INFO  2024-11-11T20:45:29.339+00:00 tokio-runtime-worker(ThreadId(4)) [1P:app/op-app/src/app/components/policies.rs:288] Skipping policies for account BY2IIGAMTNE4XJZUGKNF73G4BY; feature flag not enabled.
INFO  2024-11-11T20:45:29.339+00:00 tokio-runtime-worker(ThreadId(1)) [1P:op-telemetry/src/middleware/opt_state.rs:115] op-telemetry: account uuid 'BY2IIGAMTNE4XJZUGKNF73G4BY' changed telemetry state to Decided(In)
ERROR 2024-11-11T20:45:29.342+00:00 tokio-runtime-worker(ThreadId(3)) [1P:op-auto-lock/src/linux.rs:210] Could not connect to the X server: XcbEventError
INFO  2024-11-11T20:45:29.342+00:00 tokio-runtime-worker(ThreadId(3)) [1P:data/ext/op-account-ext-settings-authentication/src/lib.rs:304] exactly one existing key found (78713fab33a9e975). Applying it to any new accounts
INFO  2024-11-11T20:45:29.342+00:00 tokio-runtime-worker(ThreadId(3)) [1P:op-settings/src/store/json_store.rs:703] initializing settings authentication with key 78713fab33a9e975
INFO  2024-11-11T20:45:29.343+00:00 tokio-runtime-worker(ThreadId(3)) [1P:app/op-app/src/app/backend/unlock.rs:150] Lock state changed: Unlocked
INFO  2024-11-11T20:45:29.343+00:00 tokio-runtime-worker(ThreadId(3)) [1P:app/op-app/src/app/backend/essential_setup.rs:135] SLS Migration Result: NotRequired
INFO  2024-11-11T20:45:29.438+00:00 tokio-runtime-worker(ThreadId(4)) [1P:data/op-account-system-unlock/src/lib.rs:646] Adding system unlock key. Verifying keysets can be decrypted.
INFO  2024-11-11T20:45:29.442+00:00 tokio-runtime-worker(ThreadId(4)) [1P:data/op-account-system-unlock/src/lib.rs:652] Adding system unlock key. Encrypting muk.
INFO  2024-11-11T20:45:29.445+00:00 ThreadId(10) [1P:data/op-account-system-unlock/src/lib.rs:658] Adding system unlock key. Updating account.
INFO  2024-11-11T20:45:29.501+00:00 tokio-runtime-worker(ThreadId(4)) [1P:app/op-app/src/app/backend/unlock.rs:172] Processing unlocked account BY2IIGAMTNE4XJZUGKNF73G4BY
INFO  2024-11-11T20:45:29.989+00:00 tokio-runtime-worker(ThreadId(3)) [1P:app/op-app/src/mfa_ui.rs:113] Available MFA methods for desktop: [MfaSelector { text: <String>, response: Totp(<u32>) }]
INFO  2024-11-11T20:45:29.989+00:00 tokio-runtime-worker(ThreadId(3)) [1P:op-b5-client/src/internal/unauthorized_session.rs:1203] Multi-factor authentication method has been selected.
INFO  2024-11-11T20:45:29.989+00:00 tokio-runtime-worker(ThreadId(3)) [1P:app/op-app/src/mfa_ui.rs:172] Prompting user for MFA
WARN  2024-11-11T20:45:31.853+00:00 tokio-runtime-worker(ThreadId(4)) [1P:op-b5-client/src/internal/unauthorized_session.rs:1254] MFA cancelled by user.
ERROR 2024-11-11T20:45:31.853+00:00 tokio-runtime-worker(ThreadId(4)) [1P:op-b5-client/src/internal/unauthorized_session.rs:274] UserCanceledMfa
WARN  2024-11-11T20:45:31.854+00:00 tokio-runtime-worker(ThreadId(4)) [1P:app/op-app/src/app/backend/synchro.rs:397] auth failure for BY2IIGAMTNE4XJZUGKNF73G4BY: UserCanceledMfa
ERROR 2024-11-11T20:45:31.854+00:00 tokio-runtime-worker(ThreadId(4)) [1P:app/op-app/src/app/backend/unlock.rs:183] Failed to get client for account BY2IIGAMTNE4XJZUGKNF73G4BY: UserCanceledMfa
ERROR 2024-11-11T20:45:31.860+00:00 tokio-runtime-worker(ThreadId(4)) [1P:app/op-app/src/app/backend/unlock.rs:254] unable to create client: UserCanceledMfa
INFO  2024-11-11T20:45:31.892+00:00 tokio-runtime-worker(ThreadId(2)) [1P:app/op-app/src/app/backend/frontend.rs:26] Front end event: window closed
INFO  2024-11-11T21:12:30.505+00:00 tokio-runtime-worker(ThreadId(1)) [1P:app/op-app/src/app/backend/frontend.rs:57] Front end event: app will quit
WARN  2024-11-11T21:12:30.505+00:00 tokio-runtime-worker(ThreadId(1)) [1P:op-invocation/src/lib.rs:498] shutdown requested!
INFO  2024-11-11T21:12:30.505+00:00 tokio-runtime-worker(ThreadId(1)) [1P:app/op-app/src/app/shutdown.rs:81] starting app shutdown
INFO  2024-11-11T21:12:30.505+00:00 tokio-runtime-worker(ThreadId(1)) [1P:app/op-app/src/app/shutdown.rs:143] running shutdown hook: /builds/dev/core/core/app/op-app/src/app.rs:1039
INFO  2024-11-11T21:12:30.506+00:00 tokio-runtime-worker(ThreadId(1)) [1P:app/op-app/src/app/shutdown.rs:143] running shutdown hook: /builds/dev/core/core/app/op-app/src/app.rs:1291
