INFO  2024-11-20T18:11:49.712+00:00 ThreadId(6) [1P:op-settings/src/store/json_store.rs:71] Settings file created @ 2024-10-31 02:24:25.392207521 UTC and last modified @ 2024-11-04 22:26:10.333312260 UTC
INFO  2024-11-20T18:11:49.720+00:00 ThreadId(6) [client:typescript] Client starting.
INFO  2024-11-20T18:11:50.425+00:00 ThreadId(6) [1P:op-crash-reporting/src/crash_handler.rs:276] Started crash handler thread
INFO  2024-11-20T18:11:50.428+00:00 ThreadId(6) [1P:op-localization/src/lib.rs:232] system locale detected as 'en-US'
INFO  2024-11-20T18:11:50.429+00:00 ThreadId(6) [1P:op-localization/src/lib.rs:258] selected translations for EN_US based on detected locale en-US
INFO  2024-11-20T18:11:50.429+00:00 ThreadId(6) [status:app/op-app/src/app.rs:672] App::new(1Password for Linux/81048025 (EN_US), /home/<redacted-username>/.config/1Password)
WARN  2024-11-20T18:11:50.450+00:00 ThreadId(6) [1P:data/op-db/src/common/mod.rs:98] The following tables exist in the Core DB but are not being checked: developer_activity_log
INFO  2024-11-20T18:11:50.484+00:00 ThreadId(6) [1P:data/op-db/src/common/mod.rs:147] Core DB Table Integrity Check Succeeded
INFO  2024-11-20T18:11:50.486+00:00 ThreadId(6) [1P:data/op-db/src/common/mod.rs:161] Core DB Integrity Check Succeeded
INFO  2024-11-20T18:11:50.486+00:00 ThreadId(6) [1P:data/op-db/src/core_db/db.rs:143] Starting Core DB at version: 37
INFO  2024-11-20T18:11:50.503+00:00 ThreadId(6) [1P:data/op-db/src/common/mod.rs:147] Resources DB Table Integrity Check Succeeded
INFO  2024-11-20T18:11:50.504+00:00 ThreadId(6) [1P:data/op-db/src/common/mod.rs:161] Resources DB Integrity Check Succeeded
INFO  2024-11-20T18:11:50.504+00:00 ThreadId(6) [1P:data/op-db/src/resources_db/db.rs:105] Starting Resources DB at version: 1
ERROR 2024-11-20T18:11:50.518+00:00 ThreadId(6) [1P:/builds/dev/core/core/ssh/op-ssh-config/src/lib.rs:196] Failed to start ssh config file watcher: Io(Os { code: 2, kind: NotFound, message: "No such file or directory" })
INFO  2024-11-20T18:11:50.528+00:00 ThreadId(6) [1P:native-messaging/op-nm-installer/src/nix_utils.rs:68] Created NMH manifest at /home/<redacted-username>/.config/google-chrome/NativeMessagingHosts/com.1password.1password.json
INFO  2024-11-20T18:11:50.528+00:00 ThreadId(6) [1P:native-messaging/op-nm-installer/src/nix_utils.rs:68] Created NMH manifest at /home/<redacted-username>/.config/google-chrome-beta/NativeMessagingHosts/com.1password.1password.json
INFO  2024-11-20T18:11:50.529+00:00 ThreadId(6) [1P:native-messaging/op-nm-installer/src/nix_utils.rs:68] Created NMH manifest at /home/<redacted-username>/.config/google-chrome-unstable/NativeMessagingHosts/com.1password.1password.json
INFO  2024-11-20T18:11:50.529+00:00 ThreadId(6) [1P:native-messaging/op-nm-installer/src/nix_utils.rs:68] Created NMH manifest at /home/<redacted-username>/.config/chromium/NativeMessagingHosts/com.1password.1password.json
INFO  2024-11-20T18:11:50.530+00:00 ThreadId(6) [1P:native-messaging/op-nm-installer/src/nix_utils.rs:68] Created NMH manifest at /home/<redacted-username>/.config/microsoft-edge-dev/NativeMessagingHosts/com.1password.1password.json
INFO  2024-11-20T18:11:50.530+00:00 ThreadId(6) [1P:native-messaging/op-nm-installer/src/nix_utils.rs:68] Created NMH manifest at /home/<redacted-username>/.config/BraveSoftware/Brave-Browser/NativeMessagingHosts/com.1password.1password.json
INFO  2024-11-20T18:11:50.531+00:00 ThreadId(6) [1P:native-messaging/op-nm-installer/src/nix_utils.rs:68] Created NMH manifest at /home/<redacted-username>/.config/vivaldi/NativeMessagingHosts/com.1password.1password.json
INFO  2024-11-20T18:11:50.531+00:00 ThreadId(6) [1P:native-messaging/op-nm-installer/src/nix_utils.rs:68] Created NMH manifest at /home/<redacted-username>/.config/vivaldi-snapshot/NativeMessagingHosts/com.1password.1password.json
INFO  2024-11-20T18:11:50.532+00:00 ThreadId(6) [1P:native-messaging/op-nm-installer/src/nix_utils.rs:68] Created NMH manifest at /home/<redacted-username>/.mozilla/native-messaging-hosts/com.1password.1password.json
INFO  2024-11-20T18:11:50.532+00:00 ThreadId(6) [1P:native-messaging/op-nm-installer/src/nix_utils.rs:83] Successfully installed all native messaging manifests.
INFO  2024-11-20T18:11:50.544+00:00 tokio-runtime-worker(ThreadId(1)) [1P:app/op-app/src/app/backend/lock.rs:340] MYCELIUM PRE-REGISTRATION FLAGS: Fetching pre-registration flags
INFO  2024-11-20T18:11:50.550+00:00 tokio-runtime-worker(ThreadId(3)) [1P:native-messaging/op-native-core-integration/src/lib.rs:336] Starting IPC listener on 1Password-BrowserSupport
ERROR 2024-11-20T18:11:50.550+00:00 ThreadId(6) [1P:ffi/op-core-node/src/lib.rs:448] Io(Os { code: 2, kind: NotFound, message: "No such file or directory" })
INFO  2024-11-20T18:11:50.551+00:00 tokio-runtime-worker(ThreadId(1)) [1P:native-messaging/op-native-core-integration/src/lib.rs:348] Active native core integration is awaiting messages
INFO  2024-11-20T18:11:50.576+00:00 tokio-runtime-worker(ThreadId(4)) [1P:ssh/op-agent-controller/src/lib.rs:549] Starting filesystem watcher for SSH agent configuration directories...
ERROR 2024-11-20T18:11:50.579+00:00 tokio-runtime-worker(ThreadId(4)) [1P:/builds/dev/core/core/ssh/op-agent-controller/src/lib.rs:550] Io(Os { code: 2, kind: NotFound, message: "No such file or directory" })
INFO  2024-11-20T18:11:50.730+00:00 tokio-runtime-worker(ThreadId(3)) [1P:app/op-app/src/app/backend/lock.rs:347] MYCELIUM PRE-REGISTRATION FLAGS: Forward flag enabled true
INFO  2024-11-20T18:11:50.730+00:00 tokio-runtime-worker(ThreadId(3)) [1P:app/op-app/src/app/backend/lock.rs:356] MYCELIUM PRE-REGISTRATION FLAGS: Reverse flag enabled true
INFO  2024-11-20T18:11:51.555+00:00 tokio-runtime-worker(ThreadId(1)) [1P:app/op-app/src/app/backend/lock_screen.rs:89] System unlock is enabled: true
INFO  2024-11-20T18:11:51.557+00:00 tokio-runtime-worker(ThreadId(3)) [1P:app/op-app/src/app/backend/lock_screen.rs:117] Sys auth status NotSetup
INFO  2024-11-20T18:11:56.375+00:00 tokio-runtime-worker(ThreadId(1)) [1P:app/op-app/src/app/backend/lock_screen.rs:89] System unlock is enabled: true
INFO  2024-11-20T18:11:56.518+00:00 tokio-runtime-worker(ThreadId(3)) [1P:/builds/dev/core/core/data/ext/op-account-ext-settings-authentication/src/lib.rs:226] loaded settings authentication key: 78713fab33a9e975
INFO  2024-11-20T18:11:56.520+00:00 tokio-runtime-worker(ThreadId(3)) [1P:data/ext/op-account-ext-search-weights/src/weights.rs:67] Search weights loaded for account with 7 entries (total bytes: 322)
INFO  2024-11-20T18:11:56.523+00:00 tokio-runtime-worker(ThreadId(3)) [1P:data/ext/op-account-ext-items/src/lib.rs:234] loaded 371 items in 4 vaults for account: BY2IIGAMTNE4XJZUGKNF73G4BY
INFO  2024-11-20T18:11:56.525+00:00 tokio-runtime-worker(ThreadId(1)) [1P:app/op-app/src/app/components/policies.rs:288] Skipping policies for account BY2IIGAMTNE4XJZUGKNF73G4BY; feature flag not enabled.
INFO  2024-11-20T18:11:56.525+00:00 tokio-runtime-worker(ThreadId(2)) [1P:op-telemetry/src/middleware/opt_state.rs:115] op-telemetry: account uuid 'BY2IIGAMTNE4XJZUGKNF73G4BY' changed telemetry state to Decided(In)
ERROR 2024-11-20T18:11:56.528+00:00 tokio-runtime-worker(ThreadId(3)) [1P:op-auto-lock/src/linux.rs:210] Could not connect to the X server: XcbEventError
INFO  2024-11-20T18:11:56.528+00:00 tokio-runtime-worker(ThreadId(3)) [1P:data/ext/op-account-ext-settings-authentication/src/lib.rs:304] exactly one existing key found (78713fab33a9e975). Applying it to any new accounts
INFO  2024-11-20T18:11:56.528+00:00 tokio-runtime-worker(ThreadId(3)) [1P:op-settings/src/store/json_store.rs:703] initializing settings authentication with key 78713fab33a9e975
INFO  2024-11-20T18:11:56.528+00:00 tokio-runtime-worker(ThreadId(3)) [1P:app/op-app/src/app/backend/unlock.rs:150] Lock state changed: Unlocked
INFO  2024-11-20T18:11:56.528+00:00 tokio-runtime-worker(ThreadId(3)) [1P:app/op-app/src/app/backend/essential_setup.rs:135] SLS Migration Result: NotRequired
INFO  2024-11-20T18:11:56.612+00:00 tokio-runtime-worker(ThreadId(3)) [1P:data/op-account-system-unlock/src/lib.rs:646] Adding system unlock key. Verifying keysets can be decrypted.
ERROR 2024-11-20T18:11:56.614+00:00 tokio-runtime-worker(ThreadId(4)) [1P:/builds/dev/core/core/ui/op-profile-model/src/lib.rs:120] PersonNotFound
INFO  2024-11-20T18:11:56.616+00:00 tokio-runtime-worker(ThreadId(3)) [1P:data/op-account-system-unlock/src/lib.rs:652] Adding system unlock key. Encrypting muk.
INFO  2024-11-20T18:11:56.623+00:00 ThreadId(10) [1P:data/op-account-system-unlock/src/lib.rs:658] Adding system unlock key. Updating account.
INFO  2024-11-20T18:11:56.796+00:00 tokio-runtime-worker(ThreadId(2)) [1P:app/op-app/src/app/backend/unlock.rs:172] Processing unlocked account BY2IIGAMTNE4XJZUGKNF73G4BY
WARN  2024-11-20T18:11:57.451+00:00 tokio-runtime-worker(ThreadId(4)) [1P:op-b5-client/src/internal/unauthorized_session.rs:1075] Error retrieving an account's 2FA token: SystemKeyringError(LinuxError(DBus(MethodError(OwnedErrorName(ErrorName(Str(Owned("org.freedesktop.DBus.Error.ServiceUnknown")))), Some("The name is not activatable"), Msg { type: Error, sender: UniqueName(Str(Borrowed("org.freedesktop.DBus"))), reply-serial: 2, body: Signature("s") })))). Falling back to a prompt.
INFO  2024-11-20T18:11:57.451+00:00 tokio-runtime-worker(ThreadId(4)) [1P:app/op-app/src/mfa_ui.rs:113] Available MFA methods for desktop: [MfaSelector { text: <String>, response: Totp(<u32>) }]
INFO  2024-11-20T18:11:57.451+00:00 tokio-runtime-worker(ThreadId(4)) [1P:op-b5-client/src/internal/unauthorized_session.rs:1203] Multi-factor authentication method has been selected.
INFO  2024-11-20T18:11:57.452+00:00 tokio-runtime-worker(ThreadId(4)) [1P:app/op-app/src/mfa_ui.rs:172] Prompting user for MFA
INFO  2024-11-20T18:11:59.430+00:00 tokio-runtime-worker(ThreadId(2)) [1P:op-settings/src/store/json_store.rs:71] Settings file created @ 2024-10-31 02:24:25.392207521 UTC and last modified @ 2024-11-04 22:26:10.333312260 UTC
INFO  2024-11-20T18:11:59.432+00:00 tokio-runtime-worker(ThreadId(1)) [1P:op-settings/src/store/json_store.rs:71] Settings file created @ 2024-10-31 02:24:25.392207521 UTC and last modified @ 2024-11-20 18:11:59.424938967 UTC
INFO  2024-11-20T18:11:59.433+00:00 ThreadId(6) [client:typescript] Settings file changed.
INFO  2024-11-20T18:11:59.950+00:00 tokio-runtime-worker(ThreadId(1)) [1P:op-settings/src/store/json_store.rs:71] Settings file created @ 2024-10-31 02:24:25.392207521 UTC and last modified @ 2024-11-20 18:11:59.424938967 UTC
INFO  2024-11-20T18:11:59.951+00:00 tokio-runtime-worker(ThreadId(4)) [1P:op-settings/src/store/json_store.rs:71] Settings file created @ 2024-10-31 02:24:25.392207521 UTC and last modified @ 2024-11-20 18:11:59.944938958 UTC
INFO  2024-11-20T18:11:59.953+00:00 ThreadId(6) [client:typescript] Settings file changed.
INFO  2024-11-20T18:12:00.315+00:00 tokio-runtime-worker(ThreadId(1)) [1P:op-settings/src/store/json_store.rs:71] Settings file created @ 2024-10-31 02:24:25.392207521 UTC and last modified @ 2024-11-20 18:11:59.944938958 UTC
INFO  2024-11-20T18:12:00.316+00:00 tokio-runtime-worker(ThreadId(1)) [1P:op-settings/src/store/json_store.rs:71] Settings file created @ 2024-10-31 02:24:25.392207521 UTC and last modified @ 2024-11-20 18:12:00.311605620 UTC
INFO  2024-11-20T18:12:00.317+00:00 ThreadId(6) [client:typescript] Settings file changed.
INFO  2024-11-20T18:12:00.825+00:00 tokio-runtime-worker(ThreadId(1)) [1P:op-settings/src/store/json_store.rs:71] Settings file created @ 2024-10-31 02:24:25.392207521 UTC and last modified @ 2024-11-20 18:12:00.311605620 UTC
INFO  2024-11-20T18:12:00.826+00:00 tokio-runtime-worker(ThreadId(1)) [1P:op-settings/src/store/json_store.rs:71] Settings file created @ 2024-10-31 02:24:25.392207521 UTC and last modified @ 2024-11-20 18:12:00.821605616 UTC
INFO  2024-11-20T18:12:00.828+00:00 ThreadId(6) [client:typescript] Settings file changed.
WARN  2024-11-20T18:12:10.237+00:00 tokio-runtime-worker(ThreadId(1)) [1P:op-b5-client/src/internal/unauthorized_session.rs:1254] MFA cancelled by user.
ERROR 2024-11-20T18:12:10.237+00:00 tokio-runtime-worker(ThreadId(1)) [1P:op-b5-client/src/internal/unauthorized_session.rs:274] UserCanceledMfa
WARN  2024-11-20T18:12:10.238+00:00 tokio-runtime-worker(ThreadId(1)) [1P:app/op-app/src/app/backend/synchro.rs:397] auth failure for BY2IIGAMTNE4XJZUGKNF73G4BY: UserCanceledMfa
ERROR 2024-11-20T18:12:10.238+00:00 tokio-runtime-worker(ThreadId(1)) [1P:app/op-app/src/app/backend/unlock.rs:183] Failed to get client for account BY2IIGAMTNE4XJZUGKNF73G4BY: UserCanceledMfa
ERROR 2024-11-20T18:12:10.247+00:00 tokio-runtime-worker(ThreadId(1)) [1P:app/op-app/src/app/backend/unlock.rs:254] unable to create client: UserCanceledMfa
INFO  2024-11-20T18:12:10.299+00:00 tokio-runtime-worker(ThreadId(3)) [1P:app/op-app/src/app/backend/frontend.rs:26] Front end event: window closed
INFO  2024-11-20T18:12:10.435+00:00 tokio-runtime-worker(ThreadId(3)) [1P:native-messaging/op-native-core-integration/src/lib.rs:373] Extension connecting.
INFO  2024-11-20T18:12:10.435+00:00 tokio-runtime-worker(ThreadId(3)) [1P:native-messaging/op-native-core-integration/src/lib.rs:375] Extension connection accepted.
ERROR 2024-11-20T18:12:10.532+00:00 tokio-runtime-worker(ThreadId(3)) [1P:app/op-app/src/app/backend/native_messaging/b5_connection/mod.rs:75] Unable to get client for account BY2IIGAMTNE4XJZUGKNF73G4BY to request a delegated session: unable to create client: UserCanceledMfa
INFO  2024-11-20T18:15:18.392+00:00 tokio-runtime-worker(ThreadId(4)) [1P:app/op-app/src/app/backend/lock.rs:141] Lock state changed: Locked
INFO  2024-11-20T18:15:18.392+00:00 tokio-runtime-worker(ThreadId(4)) [1P:app/op-app/src/app/backend/lock.rs:169] Locked. Reason: Automatic(DeviceLocked).
INFO  2024-11-20T18:15:18.392+00:00 tokio-runtime-worker(ThreadId(4)) [1P:app/op-app/src/app/backend/lock.rs:340] MYCELIUM PRE-REGISTRATION FLAGS: Fetching pre-registration flags
INFO  2024-11-20T18:15:18.394+00:00 tokio-runtime-worker(ThreadId(2)) [1P:app/op-app/src/app/backend/mycelium/task_management.rs:65] Received a Mycelium channel close request, ignoring request as no task is actively running
ERROR 2024-11-20T22:41:32.109+00:00 tokio-runtime-worker(ThreadId(1)) [1P:/builds/dev/core/core/op-b5-client/src/b5_client/features.rs:134] HttpError((/rustc/eeb90cda1969383f56a2637cbd3037bdf598841c/library/core/src/ops/function.rs:250, IoError(IoError(error sending request for url (<redacted URL>): error trying to connect: Connection reset by peer (os error 104)))))
ERROR 2024-11-20T22:41:32.110+00:00 tokio-runtime-worker(ThreadId(1)) [1P:app/op-app/src/app/backend/lock.rs:343] HttpError((/rustc/eeb90cda1969383f56a2637cbd3037bdf598841c/library/core/src/ops/function.rs:250, IoError(IoError(error sending request for url (<redacted URL>): error trying to connect: Connection reset by peer (os error 104)))))
ERROR 2024-11-20T22:41:32.110+00:00 tokio-runtime-worker(ThreadId(1)) [1P:app/op-app/src/app/backend/lock.rs:364] MYCELIUM PRE-REGISTRATION FLAGS: Fetching pre-registration flags fetch error
INFO  2024-11-20T22:59:12.644+00:00 tokio-runtime-worker(ThreadId(3)) [1P:app/op-app/src/app/backend/lock_screen.rs:89] System unlock is enabled: true
INFO  2024-11-20T22:59:12.729+00:00 tokio-runtime-worker(ThreadId(3)) [1P:/builds/dev/core/core/data/ext/op-account-ext-settings-authentication/src/lib.rs:226] loaded settings authentication key: 78713fab33a9e975
INFO  2024-11-20T22:59:12.730+00:00 tokio-runtime-worker(ThreadId(4)) [1P:data/ext/op-account-ext-search-weights/src/weights.rs:67] Search weights loaded for account with 7 entries (total bytes: 322)
INFO  2024-11-20T22:59:12.732+00:00 tokio-runtime-worker(ThreadId(3)) [1P:data/ext/op-account-ext-items/src/lib.rs:234] loaded 371 items in 4 vaults for account: BY2IIGAMTNE4XJZUGKNF73G4BY
INFO  2024-11-20T22:59:12.734+00:00 tokio-runtime-worker(ThreadId(2)) [1P:app/op-app/src/app/components/policies.rs:288] Skipping policies for account BY2IIGAMTNE4XJZUGKNF73G4BY; feature flag not enabled.
ERROR 2024-11-20T22:59:12.735+00:00 tokio-runtime-worker(ThreadId(3)) [1P:op-auto-lock/src/linux.rs:210] Could not connect to the X server: XcbEventError
INFO  2024-11-20T22:59:12.735+00:00 tokio-runtime-worker(ThreadId(3)) [1P:data/ext/op-account-ext-settings-authentication/src/lib.rs:304] exactly one existing key found (78713fab33a9e975). Applying it to any new accounts
INFO  2024-11-20T22:59:12.735+00:00 tokio-runtime-worker(ThreadId(3)) [1P:op-settings/src/store/json_store.rs:703] initializing settings authentication with key 78713fab33a9e975
INFO  2024-11-20T22:59:12.735+00:00 tokio-runtime-worker(ThreadId(3)) [1P:app/op-app/src/app/backend/unlock.rs:150] Lock state changed: Unlocked
INFO  2024-11-20T22:59:12.735+00:00 tokio-runtime-worker(ThreadId(3)) [1P:app/op-app/src/app/backend/essential_setup.rs:135] SLS Migration Result: NotRequired
INFO  2024-11-20T22:59:12.736+00:00 ThreadId(6) [client:typescript] Settings file changed.
INFO  2024-11-20T22:59:12.822+00:00 tokio-runtime-worker(ThreadId(3)) [1P:data/op-account-system-unlock/src/lib.rs:646] Adding system unlock key. Verifying keysets can be decrypted.
INFO  2024-11-20T22:59:12.827+00:00 tokio-runtime-worker(ThreadId(3)) [1P:data/op-account-system-unlock/src/lib.rs:652] Adding system unlock key. Encrypting muk.
INFO  2024-11-20T22:59:12.827+00:00 ThreadId(10) [1P:data/op-account-system-unlock/src/lib.rs:658] Adding system unlock key. Updating account.
INFO  2024-11-20T22:59:13.041+00:00 tokio-runtime-worker(ThreadId(4)) [1P:app/op-app/src/app/backend/unlock.rs:172] Processing unlocked account BY2IIGAMTNE4XJZUGKNF73G4BY
WARN  2024-11-20T22:59:13.428+00:00 tokio-runtime-worker(ThreadId(2)) [1P:op-b5-client/src/internal/unauthorized_session.rs:1075] Error retrieving an account's 2FA token: SystemKeyringError(LinuxError(DBus(MethodError(OwnedErrorName(ErrorName(Str(Owned("org.freedesktop.DBus.Error.ServiceUnknown")))), Some("The name is not activatable"), Msg { type: Error, sender: UniqueName(Str(Borrowed("org.freedesktop.DBus"))), reply-serial: 2, body: Signature("s") })))). Falling back to a prompt.
INFO  2024-11-20T22:59:13.428+00:00 tokio-runtime-worker(ThreadId(2)) [1P:app/op-app/src/mfa_ui.rs:113] Available MFA methods for desktop: [MfaSelector { text: <String>, response: Totp(<u32>) }]
INFO  2024-11-20T22:59:13.428+00:00 tokio-runtime-worker(ThreadId(2)) [1P:op-b5-client/src/internal/unauthorized_session.rs:1203] Multi-factor authentication method has been selected.
INFO  2024-11-20T22:59:13.428+00:00 tokio-runtime-worker(ThreadId(2)) [1P:app/op-app/src/mfa_ui.rs:172] Prompting user for MFA
ERROR 2024-11-20T22:59:14.124+00:00 tokio-runtime-worker(ThreadId(2)) [1P:/builds/dev/core/core/ui/op-profile-model/src/lib.rs:120] PersonNotFound
WARN  2024-11-20T22:59:18.286+00:00 tokio-runtime-worker(ThreadId(2)) [1P:op-b5-client/src/internal/unauthorized_session.rs:1254] MFA cancelled by user.
ERROR 2024-11-20T22:59:18.286+00:00 tokio-runtime-worker(ThreadId(2)) [1P:op-b5-client/src/internal/unauthorized_session.rs:274] UserCanceledMfa
WARN  2024-11-20T22:59:18.286+00:00 tokio-runtime-worker(ThreadId(2)) [1P:app/op-app/src/app/backend/synchro.rs:397] auth failure for BY2IIGAMTNE4XJZUGKNF73G4BY: UserCanceledMfa
ERROR 2024-11-20T22:59:18.287+00:00 tokio-runtime-worker(ThreadId(2)) [1P:app/op-app/src/app/backend/native_messaging/b5_connection/mod.rs:75] Unable to get client for account BY2IIGAMTNE4XJZUGKNF73G4BY to request a delegated session: unable to create client: UserCanceledMfa
ERROR 2024-11-20T22:59:18.287+00:00 tokio-runtime-worker(ThreadId(1)) [1P:app/op-app/src/app/backend/unlock.rs:183] Failed to get client for account BY2IIGAMTNE4XJZUGKNF73G4BY: UserCanceledMfa
ERROR 2024-11-20T22:59:18.288+00:00 tokio-runtime-worker(ThreadId(1)) [1P:app/op-app/src/app/backend/unlock.rs:254] unable to create client: UserCanceledMfa
INFO  2024-11-20T22:59:18.343+00:00 tokio-runtime-worker(ThreadId(4)) [1P:app/op-app/src/app/backend/frontend.rs:26] Front end event: window closed
