INFO  2024-11-08T01:32:57.491+00:00 ThreadId(6) [1P:op-settings/src/store/json_store.rs:71] Settings file created @ 2024-10-31 02:24:25.392207521 UTC and last modified @ 2024-11-04 22:26:10.333312260 UTC
INFO  2024-11-08T01:32:57.507+00:00 ThreadId(6) [client:typescript] Client starting.
INFO  2024-11-08T01:32:57.973+00:00 ThreadId(6) [1P:op-crash-reporting/src/crash_handler.rs:276] Started crash handler thread
INFO  2024-11-08T01:32:57.976+00:00 ThreadId(6) [1P:op-localization/src/lib.rs:232] system locale detected as 'en-US'
INFO  2024-11-08T01:32:57.978+00:00 ThreadId(6) [1P:op-localization/src/lib.rs:258] selected translations for EN_US based on detected locale en-US
INFO  2024-11-08T01:32:57.978+00:00 ThreadId(6) [status:app/op-app/src/app.rs:672] App::new(1Password for Linux/81048025 (EN_US), /home/<redacted-username>/.config/1Password)
WARN  2024-11-08T01:32:57.994+00:00 ThreadId(6) [1P:data/op-db/src/common/mod.rs:98] The following tables exist in the Core DB but are not being checked: developer_activity_log
INFO  2024-11-08T01:32:58.017+00:00 ThreadId(6) [1P:data/op-db/src/common/mod.rs:147] Core DB Table Integrity Check Succeeded
INFO  2024-11-08T01:32:58.018+00:00 ThreadId(6) [1P:data/op-db/src/common/mod.rs:161] Core DB Integrity Check Succeeded
INFO  2024-11-08T01:32:58.018+00:00 ThreadId(6) [1P:data/op-db/src/core_db/db.rs:143] Starting Core DB at version: 37
INFO  2024-11-08T01:32:58.033+00:00 ThreadId(6) [1P:data/op-db/src/common/mod.rs:147] Resources DB Table Integrity Check Succeeded
INFO  2024-11-08T01:32:58.033+00:00 ThreadId(6) [1P:data/op-db/src/common/mod.rs:161] Resources DB Integrity Check Succeeded
INFO  2024-11-08T01:32:58.034+00:00 ThreadId(6) [1P:data/op-db/src/resources_db/db.rs:105] Starting Resources DB at version: 1
ERROR 2024-11-08T01:32:58.051+00:00 ThreadId(6) [1P:/builds/dev/core/core/ssh/op-ssh-config/src/lib.rs:196] Failed to start ssh config file watcher: Io(Os { code: 2, kind: NotFound, message: "No such file or directory" })
INFO  2024-11-08T01:32:58.062+00:00 ThreadId(6) [1P:native-messaging/op-nm-installer/src/nix_utils.rs:68] Created NMH manifest at /home/<redacted-username>/.config/google-chrome/NativeMessagingHosts/com.1password.1password.json
INFO  2024-11-08T01:32:58.062+00:00 ThreadId(6) [1P:native-messaging/op-nm-installer/src/nix_utils.rs:68] Created NMH manifest at /home/<redacted-username>/.config/google-chrome-beta/NativeMessagingHosts/com.1password.1password.json
INFO  2024-11-08T01:32:58.063+00:00 ThreadId(6) [1P:native-messaging/op-nm-installer/src/nix_utils.rs:68] Created NMH manifest at /home/<redacted-username>/.config/google-chrome-unstable/NativeMessagingHosts/com.1password.1password.json
INFO  2024-11-08T01:32:58.063+00:00 ThreadId(6) [1P:native-messaging/op-nm-installer/src/nix_utils.rs:68] Created NMH manifest at /home/<redacted-username>/.config/chromium/NativeMessagingHosts/com.1password.1password.json
INFO  2024-11-08T01:32:58.063+00:00 ThreadId(6) [1P:native-messaging/op-nm-installer/src/nix_utils.rs:68] Created NMH manifest at /home/<redacted-username>/.config/microsoft-edge-dev/NativeMessagingHosts/com.1password.1password.json
INFO  2024-11-08T01:32:58.063+00:00 ThreadId(6) [1P:native-messaging/op-nm-installer/src/nix_utils.rs:68] Created NMH manifest at /home/<redacted-username>/.config/BraveSoftware/Brave-Browser/NativeMessagingHosts/com.1password.1password.json
INFO  2024-11-08T01:32:58.064+00:00 ThreadId(6) [1P:native-messaging/op-nm-installer/src/nix_utils.rs:68] Created NMH manifest at /home/<redacted-username>/.config/vivaldi/NativeMessagingHosts/com.1password.1password.json
INFO  2024-11-08T01:32:58.064+00:00 ThreadId(6) [1P:native-messaging/op-nm-installer/src/nix_utils.rs:68] Created NMH manifest at /home/<redacted-username>/.config/vivaldi-snapshot/NativeMessagingHosts/com.1password.1password.json
INFO  2024-11-08T01:32:58.065+00:00 ThreadId(6) [1P:native-messaging/op-nm-installer/src/nix_utils.rs:68] Created NMH manifest at /home/<redacted-username>/.mozilla/native-messaging-hosts/com.1password.1password.json
INFO  2024-11-08T01:32:58.065+00:00 ThreadId(6) [1P:native-messaging/op-nm-installer/src/nix_utils.rs:83] Successfully installed all native messaging manifests.
INFO  2024-11-08T01:32:58.081+00:00 tokio-runtime-worker(ThreadId(4)) [1P:app/op-app/src/app/backend/lock.rs:340] MYCELIUM PRE-REGISTRATION FLAGS: Fetching pre-registration flags
INFO  2024-11-08T01:32:58.085+00:00 tokio-runtime-worker(ThreadId(1)) [1P:native-messaging/op-native-core-integration/src/lib.rs:336] Starting IPC listener on 1Password-BrowserSupport
ERROR 2024-11-08T01:32:58.085+00:00 ThreadId(6) [1P:ffi/op-core-node/src/lib.rs:448] Io(Os { code: 2, kind: NotFound, message: "No such file or directory" })
INFO  2024-11-08T01:32:58.086+00:00 tokio-runtime-worker(ThreadId(4)) [1P:native-messaging/op-native-core-integration/src/lib.rs:348] Active native core integration is awaiting messages
INFO  2024-11-08T01:32:58.098+00:00 tokio-runtime-worker(ThreadId(2)) [1P:ssh/op-agent-controller/src/lib.rs:549] Starting filesystem watcher for SSH agent configuration directories...
ERROR 2024-11-08T01:32:58.100+00:00 tokio-runtime-worker(ThreadId(2)) [1P:/builds/dev/core/core/ssh/op-agent-controller/src/lib.rs:550] Io(Os { code: 2, kind: NotFound, message: "No such file or directory" })
INFO  2024-11-08T01:32:58.250+00:00 tokio-runtime-worker(ThreadId(3)) [1P:app/op-app/src/app/backend/lock.rs:347] MYCELIUM PRE-REGISTRATION FLAGS: Forward flag enabled true
INFO  2024-11-08T01:32:58.250+00:00 tokio-runtime-worker(ThreadId(3)) [1P:app/op-app/src/app/backend/lock.rs:356] MYCELIUM PRE-REGISTRATION FLAGS: Reverse flag enabled true
INFO  2024-11-08T01:32:58.860+00:00 tokio-runtime-worker(ThreadId(4)) [1P:app/op-app/src/app/backend/lock_screen.rs:89] System unlock is enabled: true
INFO  2024-11-08T01:32:58.861+00:00 tokio-runtime-worker(ThreadId(2)) [1P:app/op-app/src/app/backend/lock_screen.rs:117] Sys auth status NotSetup
INFO  2024-11-08T01:33:04.645+00:00 tokio-runtime-worker(ThreadId(3)) [1P:app/op-app/src/app/backend/lock_screen.rs:89] System unlock is enabled: true
INFO  2024-11-08T01:33:04.732+00:00 tokio-runtime-worker(ThreadId(3)) [1P:/builds/dev/core/core/data/ext/op-account-ext-settings-authentication/src/lib.rs:226] loaded settings authentication key: 78713fab33a9e975
INFO  2024-11-08T01:33:04.734+00:00 tokio-runtime-worker(ThreadId(4)) [1P:data/ext/op-account-ext-search-weights/src/weights.rs:67] Search weights loaded for account with 3 entries (total bytes: 138)
INFO  2024-11-08T01:33:04.737+00:00 tokio-runtime-worker(ThreadId(4)) [1P:data/ext/op-account-ext-items/src/lib.rs:234] loaded 366 items in 4 vaults for account: BY2IIGAMTNE4XJZUGKNF73G4BY
INFO  2024-11-08T01:33:04.739+00:00 tokio-runtime-worker(ThreadId(3)) [1P:op-telemetry/src/middleware/opt_state.rs:115] op-telemetry: account uuid 'BY2IIGAMTNE4XJZUGKNF73G4BY' changed telemetry state to Decided(In)
INFO  2024-11-08T01:33:04.739+00:00 tokio-runtime-worker(ThreadId(2)) [1P:app/op-app/src/app/components/policies.rs:288] Skipping policies for account BY2IIGAMTNE4XJZUGKNF73G4BY; feature flag not enabled.
ERROR 2024-11-08T01:33:04.741+00:00 tokio-runtime-worker(ThreadId(4)) [1P:op-auto-lock/src/linux.rs:210] Could not connect to the X server: XcbEventError
INFO  2024-11-08T01:33:04.741+00:00 tokio-runtime-worker(ThreadId(4)) [1P:data/ext/op-account-ext-settings-authentication/src/lib.rs:304] exactly one existing key found (78713fab33a9e975). Applying it to any new accounts
INFO  2024-11-08T01:33:04.742+00:00 tokio-runtime-worker(ThreadId(4)) [1P:op-settings/src/store/json_store.rs:703] initializing settings authentication with key 78713fab33a9e975
INFO  2024-11-08T01:33:04.743+00:00 tokio-runtime-worker(ThreadId(4)) [1P:app/op-app/src/app/backend/unlock.rs:150] Lock state changed: Unlocked
INFO  2024-11-08T01:33:04.743+00:00 tokio-runtime-worker(ThreadId(4)) [1P:app/op-app/src/app/backend/essential_setup.rs:135] SLS Migration Result: NotRequired
INFO  2024-11-08T01:33:04.827+00:00 tokio-runtime-worker(ThreadId(2)) [1P:data/op-account-system-unlock/src/lib.rs:646] Adding system unlock key. Verifying keysets can be decrypted.
INFO  2024-11-08T01:33:04.832+00:00 tokio-runtime-worker(ThreadId(2)) [1P:data/op-account-system-unlock/src/lib.rs:652] Adding system unlock key. Encrypting muk.
INFO  2024-11-08T01:33:04.836+00:00 ThreadId(10) [1P:data/op-account-system-unlock/src/lib.rs:658] Adding system unlock key. Updating account.
INFO  2024-11-08T01:33:04.916+00:00 tokio-runtime-worker(ThreadId(1)) [1P:app/op-app/src/app/backend/unlock.rs:172] Processing unlocked account BY2IIGAMTNE4XJZUGKNF73G4BY
INFO  2024-11-08T01:33:05.438+00:00 tokio-runtime-worker(ThreadId(3)) [1P:app/op-app/src/mfa_ui.rs:113] Available MFA methods for desktop: [MfaSelector { text: <String>, response: Totp(<u32>) }]
INFO  2024-11-08T01:33:05.438+00:00 tokio-runtime-worker(ThreadId(3)) [1P:op-b5-client/src/internal/unauthorized_session.rs:1203] Multi-factor authentication method has been selected.
INFO  2024-11-08T01:33:05.438+00:00 tokio-runtime-worker(ThreadId(3)) [1P:app/op-app/src/mfa_ui.rs:172] Prompting user for MFA
WARN  2024-11-08T01:33:08.074+00:00 tokio-runtime-worker(ThreadId(2)) [1P:op-b5-client/src/internal/unauthorized_session.rs:1254] MFA cancelled by user.
ERROR 2024-11-08T01:33:08.074+00:00 tokio-runtime-worker(ThreadId(2)) [1P:op-b5-client/src/internal/unauthorized_session.rs:274] UserCanceledMfa
WARN  2024-11-08T01:33:08.075+00:00 tokio-runtime-worker(ThreadId(2)) [1P:app/op-app/src/app/backend/synchro.rs:397] auth failure for BY2IIGAMTNE4XJZUGKNF73G4BY: UserCanceledMfa
ERROR 2024-11-08T01:33:08.075+00:00 tokio-runtime-worker(ThreadId(2)) [1P:app/op-app/src/app/backend/unlock.rs:183] Failed to get client for account BY2IIGAMTNE4XJZUGKNF73G4BY: UserCanceledMfa
ERROR 2024-11-08T01:33:08.081+00:00 tokio-runtime-worker(ThreadId(2)) [1P:app/op-app/src/app/backend/unlock.rs:254] unable to create client: UserCanceledMfa
INFO  2024-11-08T01:33:08.109+00:00 tokio-runtime-worker(ThreadId(3)) [1P:app/op-app/src/app/backend/frontend.rs:26] Front end event: window closed
INFO  2024-11-08T02:35:59.429+00:00 tokio-runtime-worker(ThreadId(3)) [1P:app/op-app/src/app/backend/lock.rs:141] Lock state changed: Locked
INFO  2024-11-08T02:35:59.430+00:00 tokio-runtime-worker(ThreadId(3)) [1P:app/op-app/src/app/backend/lock.rs:169] Locked. Reason: Automatic(DeviceLocked).
INFO  2024-11-08T02:35:59.430+00:00 tokio-runtime-worker(ThreadId(3)) [1P:app/op-app/src/app/backend/lock.rs:340] MYCELIUM PRE-REGISTRATION FLAGS: Fetching pre-registration flags
INFO  2024-11-08T02:35:59.435+00:00 tokio-runtime-worker(ThreadId(4)) [1P:app/op-app/src/app/backend/mycelium/task_management.rs:65] Received a Mycelium channel close request, ignoring request as no task is actively running
ERROR 2024-11-08T04:41:06.202+00:00 tokio-runtime-worker(ThreadId(3)) [1P:/builds/dev/core/core/op-b5-client/src/b5_client/features.rs:134] HttpError((/rustc/eeb90cda1969383f56a2637cbd3037bdf598841c/library/core/src/ops/function.rs:250, IoError(IoError(error sending request for url (<redacted URL>): error trying to connect: dns error: failed to lookup address information: Temporary failure in name resolution))))
ERROR 2024-11-08T04:41:06.203+00:00 tokio-runtime-worker(ThreadId(3)) [1P:app/op-app/src/app/backend/lock.rs:343] HttpError((/rustc/eeb90cda1969383f56a2637cbd3037bdf598841c/library/core/src/ops/function.rs:250, IoError(IoError(error sending request for url (<redacted URL>): error trying to connect: dns error: failed to lookup address information: Temporary failure in name resolution))))
ERROR 2024-11-08T04:41:06.203+00:00 tokio-runtime-worker(ThreadId(3)) [1P:app/op-app/src/app/backend/lock.rs:364] MYCELIUM PRE-REGISTRATION FLAGS: Fetching pre-registration flags fetch error
INFO  2024-11-08T05:21:12.776+00:00 tokio-runtime-worker(ThreadId(3)) [1P:app/op-app/src/app/backend/frontend.rs:57] Front end event: app will quit
WARN  2024-11-08T05:21:12.776+00:00 tokio-runtime-worker(ThreadId(3)) [1P:op-invocation/src/lib.rs:498] shutdown requested!
INFO  2024-11-08T05:21:12.776+00:00 tokio-runtime-worker(ThreadId(3)) [1P:app/op-app/src/app/shutdown.rs:81] starting app shutdown
INFO  2024-11-08T05:21:12.776+00:00 tokio-runtime-worker(ThreadId(3)) [1P:app/op-app/src/app/shutdown.rs:143] running shutdown hook: /builds/dev/core/core/app/op-app/src/app.rs:1039
INFO  2024-11-08T05:21:12.776+00:00 tokio-runtime-worker(ThreadId(3)) [1P:app/op-app/src/app/shutdown.rs:143] running shutdown hook: /builds/dev/core/core/app/op-app/src/app.rs:1291
